{"/home/travis/build/npmtest/node-npmtest-node-red-dashboard/test.js":{"path":"/home/travis/build/npmtest/node-npmtest-node-red-dashboard/test.js","s":{"1":2,"2":2,"3":2,"4":2,"5":2,"6":2,"7":2,"8":1,"9":2,"10":2,"11":1,"12":1,"13":1,"14":1,"15":2,"16":2,"17":2,"18":2,"19":1,"20":1,"21":2,"22":2,"23":2,"24":1,"25":1,"26":1,"27":1,"28":1,"29":1,"30":1,"31":1,"32":1,"33":1,"34":1,"35":1,"36":1,"37":1,"38":1,"39":2,"40":2,"41":1,"42":2,"43":2,"44":1,"45":2,"46":2,"47":1,"48":2,"49":2,"50":1,"51":1,"52":1,"53":1,"54":1},"b":{"1":[2,1,1,1],"2":[1,1,1,1],"3":[1,1],"4":[1,1],"5":[1,1],"6":[1,1],"7":[1,1],"8":[1,1],"9":[1,1],"10":[1,1,1],"11":[1,1],"12":[1,1],"13":[1,1],"14":[1,1],"15":[1,1],"16":[1,1],"17":[1,1]},"f":{"1":2,"2":2,"3":2,"4":2,"5":2,"6":1,"7":1,"8":1,"9":2,"10":2,"11":2,"12":2,"13":1},"fnMap":{"1":{"name":"(anonymous_1)","line":12,"loc":{"start":{"line":12,"column":1},"end":{"line":12,"column":13}}},"2":{"name":"(anonymous_2)","line":19,"loc":{"start":{"line":19,"column":5},"end":{"line":19,"column":17}}},"3":{"name":"(anonymous_3)","line":23,"loc":{"start":{"line":23,"column":24},"end":{"line":23,"column":36}}},"4":{"name":"(anonymous_4)","line":61,"loc":{"start":{"line":61,"column":5},"end":{"line":61,"column":17}}},"5":{"name":"(anonymous_5)","line":82,"loc":{"start":{"line":82,"column":5},"end":{"line":82,"column":17}}},"6":{"name":"(anonymous_6)","line":91,"loc":{"start":{"line":91,"column":77},"end":{"line":94,"column":10}}},"7":{"name":"(anonymous_7)","line":112,"loc":{"start":{"line":112,"column":83},"end":{"line":115,"column":10}},"skip":true},"8":{"name":"(anonymous_8)","line":123,"loc":{"start":{"line":123,"column":77},"end":{"line":126,"column":10}},"skip":true},"9":{"name":"(anonymous_9)","line":139,"loc":{"start":{"line":139,"column":12},"end":{"line":139,"column":40}},"skip":true},"10":{"name":"(anonymous_10)","line":147,"loc":{"start":{"line":147,"column":77},"end":{"line":150,"column":10}},"skip":true},"11":{"name":"(anonymous_11)","line":158,"loc":{"start":{"line":158,"column":83},"end":{"line":161,"column":10}},"skip":true},"12":{"name":"(anonymous_12)","line":169,"loc":{"start":{"line":169,"column":79},"end":{"line":172,"column":10}},"skip":true},"13":{"name":"(anonymous_13)","line":180,"loc":{"start":{"line":180,"column":75},"end":{"line":183,"column":10}},"skip":true}},"statementMap":{"1":{"start":{"line":12,"column":0},"end":{"line":195,"column":5}},"2":{"start":{"line":14,"column":4},"end":{"line":14,"column":14}},"3":{"start":{"line":19,"column":4},"end":{"line":56,"column":9}},"4":{"start":{"line":21,"column":8},"end":{"line":21,"column":19}},"5":{"start":{"line":23,"column":8},"end":{"line":35,"column":13}},"6":{"start":{"line":24,"column":12},"end":{"line":34,"column":13}},"7":{"start":{"line":25,"column":16},"end":{"line":28,"column":30}},"8":{"start":{"line":30,"column":16},"end":{"line":33,"column":27}},"9":{"start":{"line":37,"column":8},"end":{"line":39,"column":21}},"10":{"start":{"line":40,"column":8},"end":{"line":53,"column":9}},"11":{"start":{"line":43,"column":12},"end":{"line":46,"column":14}},"12":{"start":{"line":47,"column":12},"end":{"line":47,"column":18}},"13":{"start":{"line":50,"column":12},"end":{"line":51,"column":33}},"14":{"start":{"line":52,"column":12},"end":{"line":52,"column":18}},"15":{"start":{"line":55,"column":8},"end":{"line":55,"column":35}},"16":{"start":{"line":61,"column":4},"end":{"line":63,"column":9}},"17":{"start":{"line":62,"column":8},"end":{"line":62,"column":15}},"18":{"start":{"line":64,"column":4},"end":{"line":77,"column":5}},"19":{"start":{"line":70,"column":8},"end":{"line":70,"column":14}},"20":{"start":{"line":76,"column":8},"end":{"line":76,"column":14}},"21":{"start":{"line":82,"column":4},"end":{"line":84,"column":9}},"22":{"start":{"line":83,"column":8},"end":{"line":83,"column":15}},"23":{"start":{"line":85,"column":4},"end":{"line":194,"column":5}},"24":{"start":{"line":91,"column":8},"end":{"line":99,"column":10}},"25":{"start":{"line":98,"column":12},"end":{"line":98,"column":35}},"26":{"start":{"line":102,"column":8},"end":{"line":104,"column":63}},"27":{"start":{"line":105,"column":8},"end":{"line":105,"column":14}},"28":{"start":{"line":112,"column":8},"end":{"line":121,"column":10},"skip":true},"29":{"start":{"line":119,"column":12},"end":{"line":119,"column":55},"skip":true},"30":{"start":{"line":120,"column":12},"end":{"line":120,"column":48},"skip":true},"31":{"start":{"line":123,"column":8},"end":{"line":136,"column":10},"skip":true},"32":{"start":{"line":130,"column":12},"end":{"line":130,"column":76},"skip":true},"33":{"start":{"line":131,"column":12},"end":{"line":131,"column":73},"skip":true},"34":{"start":{"line":132,"column":12},"end":{"line":132,"column":74},"skip":true},"35":{"start":{"line":133,"column":12},"end":{"line":133,"column":79},"skip":true},"36":{"start":{"line":134,"column":12},"end":{"line":134,"column":25},"skip":true},"37":{"start":{"line":135,"column":12},"end":{"line":135,"column":45},"skip":true},"38":{"start":{"line":138,"column":8},"end":{"line":145,"column":14},"skip":true},"39":{"start":{"line":143,"column":16},"end":{"line":143,"column":29},"skip":true},"40":{"start":{"line":144,"column":16},"end":{"line":144,"column":55},"skip":true},"41":{"start":{"line":147,"column":8},"end":{"line":156,"column":10},"skip":true},"42":{"start":{"line":154,"column":12},"end":{"line":154,"column":25},"skip":true},"43":{"start":{"line":155,"column":12},"end":{"line":155,"column":45},"skip":true},"44":{"start":{"line":158,"column":8},"end":{"line":167,"column":10},"skip":true},"45":{"start":{"line":165,"column":12},"end":{"line":165,"column":25},"skip":true},"46":{"start":{"line":166,"column":12},"end":{"line":166,"column":48},"skip":true},"47":{"start":{"line":169,"column":8},"end":{"line":178,"column":10},"skip":true},"48":{"start":{"line":176,"column":12},"end":{"line":176,"column":25},"skip":true},"49":{"start":{"line":177,"column":12},"end":{"line":177,"column":46},"skip":true},"50":{"start":{"line":180,"column":8},"end":{"line":189,"column":10},"skip":true},"51":{"start":{"line":187,"column":12},"end":{"line":187,"column":94},"skip":true},"52":{"start":{"line":188,"column":12},"end":{"line":188,"column":48},"skip":true},"53":{"start":{"line":192,"column":8},"end":{"line":192,"column":35},"skip":true},"54":{"start":{"line":193,"column":8},"end":{"line":193,"column":14},"skip":true}},"branchMap":{"1":{"line":25,"type":"binary-expr","locations":[{"start":{"line":25,"column":23},"end":{"line":25,"column":62}},{"start":{"line":26,"column":20},"end":{"line":26,"column":70}},{"start":{"line":27,"column":20},"end":{"line":27,"column":71}},{"start":{"line":28,"column":20},"end":{"line":28,"column":29}}]},"2":{"line":30,"type":"binary-expr","locations":[{"start":{"line":30,"column":23},"end":{"line":30,"column":37}},{"start":{"line":31,"column":20},"end":{"line":31,"column":61}},{"start":{"line":32,"column":20},"end":{"line":32,"column":70}},{"start":{"line":33,"column":20},"end":{"line":33,"column":26}}]},"3":{"line":37,"type":"cond-expr","locations":[{"start":{"line":38,"column":14},"end":{"line":38,"column":20}},{"start":{"line":39,"column":14},"end":{"line":39,"column":20}}]},"4":{"line":40,"type":"switch","locations":[{"start":{"line":42,"column":8},"end":{"line":47,"column":18}},{"start":{"line":49,"column":8},"end":{"line":52,"column":18}}]},"5":{"line":44,"type":"binary-expr","locations":[{"start":{"line":44,"column":16},"end":{"line":44,"column":44}},{"start":{"line":44,"column":48},"end":{"line":44,"column":66}}]},"6":{"line":50,"type":"binary-expr","locations":[{"start":{"line":50,"column":21},"end":{"line":50,"column":49}},{"start":{"line":50,"column":53},"end":{"line":50,"column":72}}]},"7":{"line":64,"type":"switch","locations":[{"start":{"line":69,"column":4},"end":{"line":70,"column":14}},{"start":{"line":75,"column":4},"end":{"line":76,"column":14}}]},"8":{"line":85,"type":"switch","locations":[{"start":{"line":90,"column":4},"end":{"line":105,"column":14}},{"start":{"line":111,"column":4},"end":{"line":193,"column":14},"skip":true}]},"9":{"line":91,"type":"binary-expr","locations":[{"start":{"line":91,"column":42},"end":{"line":91,"column":73}},{"start":{"line":91,"column":77},"end":{"line":99,"column":9}}]},"10":{"line":102,"type":"binary-expr","locations":[{"start":{"line":102,"column":18},"end":{"line":102,"column":32}},{"start":{"line":103,"column":12},"end":{"line":103,"column":53}},{"start":{"line":104,"column":12},"end":{"line":104,"column":61}}]},"11":{"line":112,"type":"binary-expr","locations":[{"start":{"line":112,"column":45},"end":{"line":112,"column":79},"skip":true},{"start":{"line":112,"column":83},"end":{"line":121,"column":9},"skip":true}]},"12":{"line":123,"type":"binary-expr","locations":[{"start":{"line":123,"column":42},"end":{"line":123,"column":73},"skip":true},{"start":{"line":123,"column":77},"end":{"line":136,"column":9},"skip":true}]},"13":{"line":138,"type":"binary-expr","locations":[{"start":{"line":138,"column":48},"end":{"line":138,"column":85},"skip":true},{"start":{"line":139,"column":12},"end":{"line":145,"column":13},"skip":true}]},"14":{"line":147,"type":"binary-expr","locations":[{"start":{"line":147,"column":42},"end":{"line":147,"column":73},"skip":true},{"start":{"line":147,"column":77},"end":{"line":156,"column":9},"skip":true}]},"15":{"line":158,"type":"binary-expr","locations":[{"start":{"line":158,"column":45},"end":{"line":158,"column":79},"skip":true},{"start":{"line":158,"column":83},"end":{"line":167,"column":9},"skip":true}]},"16":{"line":169,"type":"binary-expr","locations":[{"start":{"line":169,"column":43},"end":{"line":169,"column":75},"skip":true},{"start":{"line":169,"column":79},"end":{"line":178,"column":9},"skip":true}]},"17":{"line":180,"type":"binary-expr","locations":[{"start":{"line":180,"column":41},"end":{"line":180,"column":71},"skip":true},{"start":{"line":180,"column":75},"end":{"line":189,"column":9},"skip":true}]}},"code":["/* istanbul instrument in package npmtest_node_red_dashboard */","/*jslint","    bitwise: true,","    browser: true,","    maxerr: 8,","    maxlen: 96,","    node: true,","    nomen: true,","    regexp: true,","    stupid: true","*/","(function () {","    'use strict';","    var local;","","","","    // run shared js-env code - init-before","    (function () {","        // init local","        local = {};","        // init modeJs","        local.modeJs = (function () {","            try {","                return typeof navigator.userAgent === 'string' &&","                    typeof document.querySelector('body') === 'object' &&","                    typeof XMLHttpRequest.prototype.open === 'function' &&","                    'browser';","            } catch (errorCaughtBrowser) {","                return module.exports &&","                    typeof process.versions.node === 'string' &&","                    typeof require('http').createServer === 'function' &&","                    'node';","            }","        }());","        // init global","        local.global = local.modeJs === 'browser'","            ? window","            : global;","        switch (local.modeJs) {","        // re-init local from window.local","        case 'browser':","            local = local.global.utility2.objectSetDefault(","                local.global.utility2_rollup || local.global.local,","                local.global.utility2","            );","            break;","        // re-init local from example.js","        case 'node':","            local = (local.global.utility2_rollup || require('utility2'))","                .requireReadme();","            break;","        }","        // export local","        local.global.local = local;","    }());","","","","    // run shared js-env code - function","    (function () {","        return;","    }());","    switch (local.modeJs) {","","","","    // run browser js-env code - function","    case 'browser':","        break;","","","","    // run node js-env code - function","    case 'node':","        break;","    }","","","","    // run shared js-env code - init-after","    (function () {","        return;","    }());","    switch (local.modeJs) {","","","","    // run browser js-env code - init-after","    case 'browser':","        local.testCase_browser_nullCase = local.testCase_browser_nullCase || function (","            options,","            onError","        ) {","        /*","         * this function will test browsers's null-case handling-behavior-behavior","         */","            onError(null, options);","        };","","        // run tests","        local.nop(local.modeTest &&","            document.querySelector('#testRunButton1') &&","            document.querySelector('#testRunButton1').click());","        break;","","","","    // run node js-env code - init-after","    /* istanbul ignore next */","    case 'node':","        local.testCase_buildApidoc_default = local.testCase_buildApidoc_default || function (","            options,","            onError","        ) {","        /*","         * this function will test buildApidoc's default handling-behavior-behavior","         */","            options = { modulePathList: module.paths };","            local.buildApidoc(options, onError);","        };","","        local.testCase_buildApp_default = local.testCase_buildApp_default || function (","            options,","            onError","        ) {","        /*","         * this function will test buildApp's default handling-behavior-behavior","         */","            local.testCase_buildReadme_default(options, local.onErrorThrow);","            local.testCase_buildLib_default(options, local.onErrorThrow);","            local.testCase_buildTest_default(options, local.onErrorThrow);","            local.testCase_buildCustomOrg_default(options, local.onErrorThrow);","            options = [];","            local.buildApp(options, onError);","        };","","        local.testCase_buildCustomOrg_default = local.testCase_buildCustomOrg_default ||","            function (options, onError) {","            /*","             * this function will test buildCustomOrg's default handling-behavior","             */","                options = {};","                local.buildCustomOrg(options, onError);","            };","","        local.testCase_buildLib_default = local.testCase_buildLib_default || function (","            options,","            onError","        ) {","        /*","         * this function will test buildLib's default handling-behavior","         */","            options = {};","            local.buildLib(options, onError);","        };","","        local.testCase_buildReadme_default = local.testCase_buildReadme_default || function (","            options,","            onError","        ) {","        /*","         * this function will test buildReadme's default handling-behavior-behavior","         */","            options = {};","            local.buildReadme(options, onError);","        };","","        local.testCase_buildTest_default = local.testCase_buildTest_default || function (","            options,","            onError","        ) {","        /*","         * this function will test buildTest's default handling-behavior","         */","            options = {};","            local.buildTest(options, onError);","        };","","        local.testCase_webpage_default = local.testCase_webpage_default || function (","            options,","            onError","        ) {","        /*","         * this function will test webpage's default handling-behavior","         */","            options = { modeCoverageMerge: true, url: local.serverLocalHost + '?modeTest=1' };","            local.browserTest(options, onError);","        };","","        // run test-server","        local.testRunServer(local);","        break;","    }","}());",""],"l":{"12":2,"14":2,"19":2,"21":2,"23":2,"24":2,"25":2,"30":1,"37":2,"40":2,"43":1,"47":1,"50":1,"52":1,"55":2,"61":2,"62":2,"64":2,"70":1,"76":1,"82":2,"83":2,"85":2,"91":1,"98":1,"102":1,"105":1,"112":1,"119":1,"120":1,"123":1,"130":1,"131":1,"132":1,"133":1,"134":1,"135":1,"138":1,"143":2,"144":2,"147":1,"154":2,"155":2,"158":1,"165":2,"166":2,"169":1,"176":2,"177":2,"180":1,"187":1,"188":1,"192":1,"193":1}},"/home/travis/build/npmtest/node-npmtest-node-red-dashboard/lib.npmtest_node_red_dashboard.js":{"path":"/home/travis/build/npmtest/node-npmtest-node-red-dashboard/lib.npmtest_node_red_dashboard.js","s":{"1":2,"2":2,"3":2,"4":2,"5":2,"6":2,"7":2,"8":1,"9":2,"10":2,"11":2,"12":2,"13":1,"14":1,"15":1,"16":1},"b":{"1":[2,1,1,1],"2":[1,1,1,1],"3":[1,1],"4":[2,2],"5":[1,1]},"f":{"1":2,"2":2,"3":2},"fnMap":{"1":{"name":"(anonymous_1)","line":12,"loc":{"start":{"line":12,"column":1},"end":{"line":12,"column":13}}},"2":{"name":"(anonymous_2)","line":19,"loc":{"start":{"line":19,"column":5},"end":{"line":19,"column":17}}},"3":{"name":"(anonymous_3)","line":23,"loc":{"start":{"line":23,"column":24},"end":{"line":23,"column":36}}}},"statementMap":{"1":{"start":{"line":12,"column":0},"end":{"line":53,"column":5}},"2":{"start":{"line":14,"column":4},"end":{"line":14,"column":14}},"3":{"start":{"line":19,"column":4},"end":{"line":52,"column":9}},"4":{"start":{"line":21,"column":8},"end":{"line":21,"column":19}},"5":{"start":{"line":23,"column":8},"end":{"line":35,"column":13}},"6":{"start":{"line":24,"column":12},"end":{"line":34,"column":13}},"7":{"start":{"line":25,"column":16},"end":{"line":28,"column":30}},"8":{"start":{"line":30,"column":16},"end":{"line":33,"column":27}},"9":{"start":{"line":37,"column":8},"end":{"line":39,"column":21}},"10":{"start":{"line":41,"column":8},"end":{"line":41,"column":54}},"11":{"start":{"line":43,"column":8},"end":{"line":43,"column":63}},"12":{"start":{"line":45,"column":8},"end":{"line":51,"column":9}},"13":{"start":{"line":46,"column":12},"end":{"line":46,"column":69}},"14":{"start":{"line":48,"column":12},"end":{"line":48,"column":35}},"15":{"start":{"line":49,"column":12},"end":{"line":49,"column":49}},"16":{"start":{"line":50,"column":12},"end":{"line":50,"column":43}}},"branchMap":{"1":{"line":25,"type":"binary-expr","locations":[{"start":{"line":25,"column":23},"end":{"line":25,"column":62}},{"start":{"line":26,"column":20},"end":{"line":26,"column":70}},{"start":{"line":27,"column":20},"end":{"line":27,"column":71}},{"start":{"line":28,"column":20},"end":{"line":28,"column":29}}]},"2":{"line":30,"type":"binary-expr","locations":[{"start":{"line":30,"column":23},"end":{"line":30,"column":37}},{"start":{"line":31,"column":20},"end":{"line":31,"column":61}},{"start":{"line":32,"column":20},"end":{"line":32,"column":70}},{"start":{"line":33,"column":20},"end":{"line":33,"column":26}}]},"3":{"line":37,"type":"cond-expr","locations":[{"start":{"line":38,"column":14},"end":{"line":38,"column":20}},{"start":{"line":39,"column":14},"end":{"line":39,"column":20}}]},"4":{"line":41,"type":"binary-expr","locations":[{"start":{"line":41,"column":16},"end":{"line":41,"column":44}},{"start":{"line":41,"column":48},"end":{"line":41,"column":53}}]},"5":{"line":45,"type":"if","locations":[{"start":{"line":45,"column":8},"end":{"line":45,"column":8}},{"start":{"line":45,"column":8},"end":{"line":45,"column":8}}]}},"code":["/* istanbul instrument in package npmtest_node_red_dashboard */","/*jslint","    bitwise: true,","    browser: true,","    maxerr: 8,","    maxlen: 96,","    node: true,","    nomen: true,","    regexp: true,","    stupid: true","*/","(function () {","    'use strict';","    var local;","","","","    // run shared js-env code - init-before","    (function () {","        // init local","        local = {};","        // init modeJs","        local.modeJs = (function () {","            try {","                return typeof navigator.userAgent === 'string' &&","                    typeof document.querySelector('body') === 'object' &&","                    typeof XMLHttpRequest.prototype.open === 'function' &&","                    'browser';","            } catch (errorCaughtBrowser) {","                return module.exports &&","                    typeof process.versions.node === 'string' &&","                    typeof require('http').createServer === 'function' &&","                    'node';","            }","        }());","        // init global","        local.global = local.modeJs === 'browser'","            ? window","            : global;","        // init utility2_rollup","        local = local.global.utility2_rollup || local;","        // init lib","        local.local = local.npmtest_node_red_dashboard = local;","        // init exports","        if (local.modeJs === 'browser') {","            local.global.utility2_npmtest_node_red_dashboard = local;","        } else {","            module.exports = local;","            module.exports.__dirname = __dirname;","            module.exports.module = module;","        }","    }());","}());",""],"l":{"12":2,"14":2,"19":2,"21":2,"23":2,"24":2,"25":2,"30":1,"37":2,"41":2,"43":2,"45":2,"46":1,"48":1,"49":1,"50":1}},"/home/travis/build/npmtest/node-npmtest-node-red-dashboard/example.js":{"path":"/home/travis/build/npmtest/node-npmtest-node-red-dashboard/example.js","s":{"1":2,"2":2,"3":2,"4":2,"5":2,"6":2,"7":2,"8":1,"9":2,"10":2,"11":2,"12":2,"13":1,"14":2,"15":2,"16":2,"17":2,"18":2,"19":0,"20":2,"21":1,"22":1,"23":1,"24":1,"25":1,"26":0,"27":0,"28":1,"29":1,"30":2,"31":0,"32":0,"33":0,"34":1,"35":2,"36":2,"37":3,"38":3,"39":3,"40":3,"41":0,"42":3,"43":3,"44":3,"45":1,"46":3,"47":1,"48":1,"49":1,"50":1,"51":1,"52":1,"53":1,"54":1,"55":1,"56":1,"57":0,"58":1,"59":6,"60":6,"61":1,"62":2,"63":0,"64":2,"65":1,"66":1,"67":0,"68":0,"69":0,"70":0,"71":0,"72":0,"73":0,"74":0,"75":0,"76":0,"77":0,"78":0,"79":0,"80":0,"81":0,"82":0,"83":0},"b":{"1":[2,1,1,1],"2":[1,1,1,1],"3":[1,1],"4":[2,2],"5":[1,1],"6":[1,1],"7":[2,0],"8":[2,1,1,1,1,1],"9":[0,2,0],"10":[1,1],"11":[2,1,1],"12":[1,0],"13":[0,2],"14":[2,0,0,0,0,0,0],"15":[0,3],"16":[3,0],"17":[1,1],"18":[0,1],"19":[1,2,0,2],"20":[1,0],"21":[1,1],"22":[0,0],"23":[0,0],"24":[0,0],"25":[0,0],"26":[0,0],"27":[0,0],"28":[0,0]},"f":{"1":2,"2":2,"3":2,"4":2,"5":2,"6":2,"7":3,"8":3,"9":3,"10":1,"11":6,"12":0},"fnMap":{"1":{"name":"(anonymous_1)","line":26,"loc":{"start":{"line":26,"column":1},"end":{"line":26,"column":13}}},"2":{"name":"(anonymous_2)","line":33,"loc":{"start":{"line":33,"column":5},"end":{"line":33,"column":17}}},"3":{"name":"(anonymous_3)","line":37,"loc":{"start":{"line":37,"column":24},"end":{"line":37,"column":36}}},"4":{"name":"(anonymous_4)","line":69,"loc":{"start":{"line":69,"column":31},"end":{"line":69,"column":48}},"skip":true},"5":{"name":"(anonymous_5)","line":78,"loc":{"start":{"line":78,"column":26},"end":{"line":78,"column":45}},"skip":true},"6":{"name":"(anonymous_6)","line":123,"loc":{"start":{"line":123,"column":33},"end":{"line":123,"column":48}},"skip":true},"7":{"name":"(anonymous_7)","line":125,"loc":{"start":{"line":125,"column":27},"end":{"line":125,"column":39}},"skip":true},"8":{"name":"(anonymous_8)","line":133,"loc":{"start":{"line":133,"column":59},"end":{"line":133,"column":74}},"skip":true},"9":{"name":"(anonymous_9)","line":143,"loc":{"start":{"line":143,"column":45},"end":{"line":143,"column":62}},"skip":true},"10":{"name":"(anonymous_10)","line":144,"loc":{"start":{"line":144,"column":73},"end":{"line":144,"column":92}},"skip":true},"11":{"name":"(anonymous_11)","line":272,"loc":{"start":{"line":272,"column":51},"end":{"line":272,"column":77}},"skip":true},"12":{"name":"(anonymous_12)","line":315,"loc":{"start":{"line":315,"column":32},"end":{"line":315,"column":61}},"skip":true}},"statementMap":{"1":{"start":{"line":26,"column":0},"end":{"line":326,"column":5}},"2":{"start":{"line":28,"column":4},"end":{"line":28,"column":14}},"3":{"start":{"line":33,"column":4},"end":{"line":60,"column":9}},"4":{"start":{"line":35,"column":8},"end":{"line":35,"column":19}},"5":{"start":{"line":37,"column":8},"end":{"line":49,"column":13}},"6":{"start":{"line":38,"column":12},"end":{"line":48,"column":13}},"7":{"start":{"line":39,"column":16},"end":{"line":42,"column":30}},"8":{"start":{"line":44,"column":16},"end":{"line":47,"column":27}},"9":{"start":{"line":51,"column":8},"end":{"line":53,"column":21}},"10":{"start":{"line":55,"column":8},"end":{"line":57,"column":45}},"11":{"start":{"line":59,"column":8},"end":{"line":59,"column":35}},"12":{"start":{"line":61,"column":4},"end":{"line":325,"column":5}},"13":{"start":{"line":69,"column":8},"end":{"line":121,"column":10},"skip":true},"14":{"start":{"line":70,"column":12},"end":{"line":88,"column":13},"skip":true},"15":{"start":{"line":76,"column":16},"end":{"line":87,"column":19},"skip":true},"16":{"start":{"line":79,"column":20},"end":{"line":86,"column":21},"skip":true},"17":{"start":{"line":82,"column":24},"end":{"line":82,"column":43},"skip":true},"18":{"start":{"line":83,"column":24},"end":{"line":83,"column":30},"skip":true},"19":{"start":{"line":85,"column":24},"end":{"line":85,"column":49},"skip":true},"20":{"start":{"line":89,"column":12},"end":{"line":107,"column":13},"skip":true},"21":{"start":{"line":92,"column":16},"end":{"line":102,"column":17},"skip":true},"22":{"start":{"line":93,"column":20},"end":{"line":93,"column":86},"skip":true},"23":{"start":{"line":94,"column":20},"end":{"line":95,"column":45},"skip":true},"24":{"start":{"line":96,"column":20},"end":{"line":96,"column":42},"skip":true},"25":{"start":{"line":97,"column":20},"end":{"line":97,"column":48},"skip":true},"26":{"start":{"line":100,"column":20},"end":{"line":100,"column":85},"skip":true},"27":{"start":{"line":101,"column":20},"end":{"line":101,"column":96},"skip":true},"28":{"start":{"line":103,"column":16},"end":{"line":103,"column":22},"skip":true},"29":{"start":{"line":106,"column":16},"end":{"line":106,"column":22},"skip":true},"30":{"start":{"line":108,"column":12},"end":{"line":120,"column":13},"skip":true},"31":{"start":{"line":114,"column":16},"end":{"line":119,"column":17},"skip":true},"32":{"start":{"line":116,"column":20},"end":{"line":116,"column":78},"skip":true},"33":{"start":{"line":118,"column":20},"end":{"line":118,"column":47},"skip":true},"34":{"start":{"line":123,"column":8},"end":{"line":141,"column":11},"skip":true},"35":{"start":{"line":124,"column":12},"end":{"line":124,"column":54},"skip":true},"36":{"start":{"line":125,"column":12},"end":{"line":140,"column":14},"skip":true},"37":{"start":{"line":126,"column":16},"end":{"line":126,"column":28},"skip":true},"38":{"start":{"line":127,"column":16},"end":{"line":127,"column":69},"skip":true},"39":{"start":{"line":128,"column":16},"end":{"line":128,"column":75},"skip":true},"40":{"start":{"line":129,"column":16},"end":{"line":131,"column":17},"skip":true},"41":{"start":{"line":130,"column":20},"end":{"line":130,"column":27},"skip":true},"42":{"start":{"line":133,"column":16},"end":{"line":137,"column":36},"skip":true},"43":{"start":{"line":134,"column":20},"end":{"line":136,"column":55},"skip":true},"44":{"start":{"line":139,"column":16},"end":{"line":139,"column":57},"skip":true},"45":{"start":{"line":143,"column":8},"end":{"line":147,"column":11},"skip":true},"46":{"start":{"line":144,"column":12},"end":{"line":146,"column":15},"skip":true},"47":{"start":{"line":145,"column":16},"end":{"line":145,"column":70},"skip":true},"48":{"start":{"line":149,"column":8},"end":{"line":149,"column":31},"skip":true},"49":{"start":{"line":150,"column":8},"end":{"line":150,"column":14},"skip":true},"50":{"start":{"line":158,"column":8},"end":{"line":158,"column":31},"skip":true},"51":{"start":{"line":160,"column":8},"end":{"line":160,"column":33},"skip":true},"52":{"start":{"line":161,"column":8},"end":{"line":161,"column":37},"skip":true},"53":{"start":{"line":162,"column":8},"end":{"line":162,"column":35},"skip":true},"54":{"start":{"line":164,"column":8},"end":{"line":164,"column":50},"skip":true},"55":{"start":{"line":166,"column":8},"end":{"line":256,"column":2},"skip":true},"56":{"start":{"line":258,"column":8},"end":{"line":286,"column":9},"skip":true},"57":{"start":{"line":259,"column":12},"end":{"line":269,"column":14},"skip":true},"58":{"start":{"line":271,"column":12},"end":{"line":285,"column":19},"skip":true},"59":{"start":{"line":274,"column":20},"end":{"line":274,"column":35},"skip":true},"60":{"start":{"line":275,"column":20},"end":{"line":284,"column":21},"skip":true},"61":{"start":{"line":277,"column":24},"end":{"line":277,"column":64},"skip":true},"62":{"start":{"line":279,"column":24},"end":{"line":279,"column":40},"skip":true},"63":{"start":{"line":281,"column":24},"end":{"line":281,"column":40},"skip":true},"64":{"start":{"line":283,"column":24},"end":{"line":283,"column":39},"skip":true},"65":{"start":{"line":288,"column":8},"end":{"line":290,"column":9},"skip":true},"66":{"start":{"line":289,"column":12},"end":{"line":289,"column":18},"skip":true},"67":{"start":{"line":291,"column":8},"end":{"line":293,"column":54},"skip":true},"68":{"start":{"line":296,"column":8},"end":{"line":301,"column":37},"skip":true},"69":{"start":{"line":303,"column":8},"end":{"line":303,"column":82},"skip":true},"70":{"start":{"line":306,"column":8},"end":{"line":308,"column":9},"skip":true},"71":{"start":{"line":307,"column":12},"end":{"line":307,"column":82},"skip":true},"72":{"start":{"line":310,"column":8},"end":{"line":312,"column":9},"skip":true},"73":{"start":{"line":311,"column":12},"end":{"line":311,"column":18},"skip":true},"74":{"start":{"line":313,"column":8},"end":{"line":313,"column":54},"skip":true},"75":{"start":{"line":314,"column":8},"end":{"line":314,"column":69},"skip":true},"76":{"start":{"line":315,"column":8},"end":{"line":323,"column":36},"skip":true},"77":{"start":{"line":316,"column":12},"end":{"line":316,"column":61},"skip":true},"78":{"start":{"line":317,"column":12},"end":{"line":320,"column":13},"skip":true},"79":{"start":{"line":318,"column":16},"end":{"line":318,"column":75},"skip":true},"80":{"start":{"line":319,"column":16},"end":{"line":319,"column":23},"skip":true},"81":{"start":{"line":321,"column":12},"end":{"line":321,"column":38},"skip":true},"82":{"start":{"line":322,"column":12},"end":{"line":322,"column":27},"skip":true},"83":{"start":{"line":324,"column":8},"end":{"line":324,"column":14},"skip":true}},"branchMap":{"1":{"line":39,"type":"binary-expr","locations":[{"start":{"line":39,"column":23},"end":{"line":39,"column":62}},{"start":{"line":40,"column":20},"end":{"line":40,"column":70}},{"start":{"line":41,"column":20},"end":{"line":41,"column":71}},{"start":{"line":42,"column":20},"end":{"line":42,"column":29}}]},"2":{"line":44,"type":"binary-expr","locations":[{"start":{"line":44,"column":23},"end":{"line":44,"column":37}},{"start":{"line":45,"column":20},"end":{"line":45,"column":61}},{"start":{"line":46,"column":20},"end":{"line":46,"column":70}},{"start":{"line":47,"column":20},"end":{"line":47,"column":26}}]},"3":{"line":51,"type":"cond-expr","locations":[{"start":{"line":52,"column":14},"end":{"line":52,"column":20}},{"start":{"line":53,"column":14},"end":{"line":53,"column":20}}]},"4":{"line":55,"type":"binary-expr","locations":[{"start":{"line":55,"column":16},"end":{"line":55,"column":44}},{"start":{"line":55,"column":49},"end":{"line":57,"column":43}}]},"5":{"line":55,"type":"cond-expr","locations":[{"start":{"line":56,"column":14},"end":{"line":56,"column":62}},{"start":{"line":57,"column":14},"end":{"line":57,"column":43}}]},"6":{"line":61,"type":"switch","locations":[{"start":{"line":68,"column":4},"end":{"line":150,"column":14},"skip":true},{"start":{"line":156,"column":4},"end":{"line":324,"column":14},"skip":true}]},"7":{"line":70,"type":"if","locations":[{"start":{"line":70,"column":12},"end":{"line":70,"column":12},"skip":true},{"start":{"line":70,"column":12},"end":{"line":70,"column":12},"skip":true}]},"8":{"line":70,"type":"binary-expr","locations":[{"start":{"line":70,"column":16},"end":{"line":70,"column":22},"skip":true},{"start":{"line":70,"column":27},"end":{"line":70,"column":32},"skip":true},{"start":{"line":71,"column":20},"end":{"line":71,"column":39},"skip":true},{"start":{"line":72,"column":20},"end":{"line":72,"column":49},"skip":true},{"start":{"line":73,"column":20},"end":{"line":73,"column":58},"skip":true},{"start":{"line":74,"column":20},"end":{"line":74,"column":69},"skip":true}]},"9":{"line":79,"type":"switch","locations":[{"start":{"line":80,"column":20},"end":{"line":80,"column":33},"skip":true},{"start":{"line":81,"column":20},"end":{"line":83,"column":30},"skip":true},{"start":{"line":84,"column":20},"end":{"line":85,"column":49},"skip":true}]},"10":{"line":89,"type":"switch","locations":[{"start":{"line":90,"column":12},"end":{"line":103,"column":22},"skip":true},{"start":{"line":105,"column":12},"end":{"line":106,"column":22},"skip":true}]},"11":{"line":89,"type":"binary-expr","locations":[{"start":{"line":89,"column":20},"end":{"line":89,"column":25},"skip":true},{"start":{"line":89,"column":29},"end":{"line":89,"column":48},"skip":true},{"start":{"line":89,"column":52},"end":{"line":89,"column":74},"skip":true}]},"12":{"line":92,"type":"if","locations":[{"start":{"line":92,"column":16},"end":{"line":92,"column":16},"skip":true},{"start":{"line":92,"column":16},"end":{"line":92,"column":16},"skip":true}]},"13":{"line":108,"type":"if","locations":[{"start":{"line":108,"column":12},"end":{"line":108,"column":12},"skip":true},{"start":{"line":108,"column":12},"end":{"line":108,"column":12},"skip":true}]},"14":{"line":108,"type":"binary-expr","locations":[{"start":{"line":108,"column":16},"end":{"line":108,"column":61},"skip":true},{"start":{"line":108,"column":66},"end":{"line":108,"column":72},"skip":true},{"start":{"line":108,"column":77},"end":{"line":108,"column":82},"skip":true},{"start":{"line":109,"column":20},"end":{"line":109,"column":39},"skip":true},{"start":{"line":110,"column":20},"end":{"line":110,"column":49},"skip":true},{"start":{"line":111,"column":20},"end":{"line":111,"column":58},"skip":true},{"start":{"line":112,"column":20},"end":{"line":112,"column":68},"skip":true}]},"15":{"line":129,"type":"if","locations":[{"start":{"line":129,"column":16},"end":{"line":129,"column":16},"skip":true},{"start":{"line":129,"column":16},"end":{"line":129,"column":16},"skip":true}]},"16":{"line":134,"type":"cond-expr","locations":[{"start":{"line":135,"column":26},"end":{"line":135,"column":29},"skip":true},{"start":{"line":136,"column":26},"end":{"line":136,"column":54},"skip":true}]},"17":{"line":164,"type":"binary-expr","locations":[{"start":{"line":164,"column":27},"end":{"line":164,"column":43},"skip":true},{"start":{"line":164,"column":47},"end":{"line":164,"column":49},"skip":true}]},"18":{"line":258,"type":"if","locations":[{"start":{"line":258,"column":8},"end":{"line":258,"column":8},"skip":true},{"start":{"line":258,"column":8},"end":{"line":258,"column":8},"skip":true}]},"19":{"line":275,"type":"switch","locations":[{"start":{"line":276,"column":20},"end":{"line":277,"column":64},"skip":true},{"start":{"line":278,"column":20},"end":{"line":279,"column":40},"skip":true},{"start":{"line":280,"column":20},"end":{"line":281,"column":40},"skip":true},{"start":{"line":282,"column":20},"end":{"line":283,"column":39},"skip":true}]},"20":{"line":288,"type":"if","locations":[{"start":{"line":288,"column":8},"end":{"line":288,"column":8},"skip":true},{"start":{"line":288,"column":8},"end":{"line":288,"column":8},"skip":true}]},"21":{"line":288,"type":"binary-expr","locations":[{"start":{"line":288,"column":12},"end":{"line":288,"column":40},"skip":true},{"start":{"line":288,"column":44},"end":{"line":288,"column":67},"skip":true}]},"22":{"line":292,"type":"binary-expr","locations":[{"start":{"line":292,"column":12},"end":{"line":292,"column":50},"skip":true},{"start":{"line":293,"column":12},"end":{"line":293,"column":53},"skip":true}]},"23":{"line":297,"type":"binary-expr","locations":[{"start":{"line":297,"column":12},"end":{"line":297,"column":76},"skip":true},{"start":{"line":298,"column":12},"end":{"line":301,"column":36},"skip":true}]},"24":{"line":303,"type":"binary-expr","locations":[{"start":{"line":303,"column":43},"end":{"line":303,"column":75},"skip":true},{"start":{"line":303,"column":79},"end":{"line":303,"column":81},"skip":true}]},"25":{"line":306,"type":"if","locations":[{"start":{"line":306,"column":8},"end":{"line":306,"column":8},"skip":true},{"start":{"line":306,"column":8},"end":{"line":306,"column":8},"skip":true}]},"26":{"line":310,"type":"if","locations":[{"start":{"line":310,"column":8},"end":{"line":310,"column":8},"skip":true},{"start":{"line":310,"column":8},"end":{"line":310,"column":8},"skip":true}]},"27":{"line":313,"type":"binary-expr","locations":[{"start":{"line":313,"column":27},"end":{"line":313,"column":43},"skip":true},{"start":{"line":313,"column":47},"end":{"line":313,"column":53},"skip":true}]},"28":{"line":317,"type":"if","locations":[{"start":{"line":317,"column":12},"end":{"line":317,"column":12},"skip":true},{"start":{"line":317,"column":12},"end":{"line":317,"column":12},"skip":true}]}},"code":["/*","example.js","","quickstart example","","instruction","    1. save this script as example.js","    2. run the shell command:","        $ npm install npmtest-node-red-dashboard && PORT=8081 node example.js","    3. play with the browser-demo on http://127.0.0.1:8081","*/","","","","/* istanbul instrument in package npmtest_node_red_dashboard */","/*jslint","    bitwise: true,","    browser: true,","    maxerr: 8,","    maxlen: 96,","    node: true,","    nomen: true,","    regexp: true,","    stupid: true","*/","(function () {","    'use strict';","    var local;","","","","    // run shared js-env code - init-before","    (function () {","        // init local","        local = {};","        // init modeJs","        local.modeJs = (function () {","            try {","                return typeof navigator.userAgent === 'string' &&","                    typeof document.querySelector('body') === 'object' &&","                    typeof XMLHttpRequest.prototype.open === 'function' &&","                    'browser';","            } catch (errorCaughtBrowser) {","                return module.exports &&","                    typeof process.versions.node === 'string' &&","                    typeof require('http').createServer === 'function' &&","                    'node';","            }","        }());","        // init global","        local.global = local.modeJs === 'browser'","            ? window","            : global;","        // init utility2_rollup","        local = local.global.utility2_rollup || (local.modeJs === 'browser'","            ? local.global.utility2_npmtest_node_red_dashboard","            : global.utility2_moduleExports);","        // export local","        local.global.local = local;","    }());","    switch (local.modeJs) {","","","","    // init-after","    // run browser js-env code - init-after","    /* istanbul ignore next */","    case 'browser':","        local.testRunBrowser = function (event) {","            if (!event || (event &&","                    event.currentTarget &&","                    event.currentTarget.className &&","                    event.currentTarget.className.includes &&","                    event.currentTarget.className.includes('onreset'))) {","                // reset output","                Array.from(","                    document.querySelectorAll('body > .resettable')","                ).forEach(function (element) {","                    switch (element.tagName) {","                    case 'INPUT':","                    case 'TEXTAREA':","                        element.value = '';","                        break;","                    default:","                        element.textContent = '';","                    }","                });","            }","            switch (event && event.currentTarget && event.currentTarget.id) {","            case 'testRunButton1':","                // show tests","                if (document.querySelector('#testReportDiv1').style.display === 'none') {","                    document.querySelector('#testReportDiv1').style.display = 'block';","                    document.querySelector('#testRunButton1').textContent =","                        'hide internal test';","                    local.modeTest = true;","                    local.testRunDefault(local);","                // hide tests","                } else {","                    document.querySelector('#testReportDiv1').style.display = 'none';","                    document.querySelector('#testRunButton1').textContent = 'run internal test';","                }","                break;","            // custom-case","            default:","                break;","            }","            if (document.querySelector('#inputTextareaEval1') && (!event || (event &&","                    event.currentTarget &&","                    event.currentTarget.className &&","                    event.currentTarget.className.includes &&","                    event.currentTarget.className.includes('oneval')))) {","                // try to eval input-code","                try {","                    /*jslint evil: true*/","                    eval(document.querySelector('#inputTextareaEval1').value);","                } catch (errorCaught) {","                    console.error(errorCaught);","                }","            }","        };","        // log stderr and stdout to #outputTextareaStdout1","        ['error', 'log'].forEach(function (key) {","            console[key + '_original'] = console[key];","            console[key] = function () {","                var element;","                console[key + '_original'].apply(console, arguments);","                element = document.querySelector('#outputTextareaStdout1');","                if (!element) {","                    return;","                }","                // append text to #outputTextareaStdout1","                element.value += Array.from(arguments).map(function (arg) {","                    return typeof arg === 'string'","                        ? arg","                        : JSON.stringify(arg, null, 4);","                }).join(' ') + '\\n';","                // scroll textarea to bottom","                element.scrollTop = element.scrollHeight;","            };","        });","        // init event-handling","        ['change', 'click', 'keyup'].forEach(function (event) {","            Array.from(document.querySelectorAll('.on' + event)).forEach(function (element) {","                element.addEventListener(event, local.testRunBrowser);","            });","        });","        // run tests","        local.testRunBrowser();","        break;","","","","    // run node js-env code - init-after","    /* istanbul ignore next */","    case 'node':","        // export local","        module.exports = local;","        // require modules","        local.fs = require('fs');","        local.http = require('http');","        local.url = require('url');","        // init assets","        local.assetsDict = local.assetsDict || {};","        /* jslint-ignore-begin */","        local.assetsDict['/assets.index.template.html'] = '\\","<!doctype html>\\n\\","<html lang=\"en\">\\n\\","<head>\\n\\","<meta charset=\"UTF-8\">\\n\\","<meta name=\"viewport\" content=\"width=device-width, initial-scale=1\">\\n\\","<title>{{env.npm_package_name}} (v{{env.npm_package_version}})</title>\\n\\","<style>\\n\\","/*csslint\\n\\","    box-sizing: false,\\n\\","    universal-selector: false\\n\\","*/\\n\\","* {\\n\\","    box-sizing: border-box;\\n\\","}\\n\\","body {\\n\\","    background: #dde;\\n\\","    font-family: Arial, Helvetica, sans-serif;\\n\\","    margin: 2rem;\\n\\","}\\n\\","body > * {\\n\\","    margin-bottom: 1rem;\\n\\","}\\n\\",".utility2FooterDiv {\\n\\","    margin-top: 20px;\\n\\","    text-align: center;\\n\\","}\\n\\","</style>\\n\\","<style>\\n\\","/*csslint\\n\\","*/\\n\\","textarea {\\n\\","    font-family: monospace;\\n\\","    height: 10rem;\\n\\","    width: 100%;\\n\\","}\\n\\","textarea[readonly] {\\n\\","    background: #ddd;\\n\\","}\\n\\","</style>\\n\\","</head>\\n\\","<body>\\n\\","<!-- utility2-comment\\n\\","<div id=\"ajaxProgressDiv1\" style=\"background: #d00; height: 2px; left: 0; margin: 0; padding: 0; position: fixed; top: 0; transition: background 0.5s, width 1.5s; width: 25%;\"></div>\\n\\","utility2-comment -->\\n\\","<h1>\\n\\","<!-- utility2-comment\\n\\","    <a\\n\\","        {{#if env.npm_package_homepage}}\\n\\","        href=\"{{env.npm_package_homepage}}\"\\n\\","        {{/if env.npm_package_homepage}}\\n\\","        target=\"_blank\"\\n\\","    >\\n\\","utility2-comment -->\\n\\","        {{env.npm_package_name}} (v{{env.npm_package_version}})\\n\\","<!-- utility2-comment\\n\\","    </a>\\n\\","utility2-comment -->\\n\\","</h1>\\n\\","<h3>{{env.npm_package_description}}</h3>\\n\\","<!-- utility2-comment\\n\\","<h4><a download href=\"assets.app.js\">download standalone app</a></h4>\\n\\","<button class=\"onclick onreset\" id=\"testRunButton1\">run internal test</button><br>\\n\\","<div id=\"testReportDiv1\" style=\"display: none;\"></div>\\n\\","utility2-comment -->\\n\\","\\n\\","\\n\\","\\n\\","<label>stderr and stdout</label>\\n\\","<textarea class=\"resettable\" id=\"outputTextareaStdout1\" readonly></textarea>\\n\\","<!-- utility2-comment\\n\\","{{#if isRollup}}\\n\\","<script src=\"assets.app.js\"></script>\\n\\","{{#unless isRollup}}\\n\\","utility2-comment -->\\n\\","<script src=\"assets.utility2.rollup.js\"></script>\\n\\","<script src=\"jsonp.utility2._stateInit?callback=window.utility2._stateInit\"></script>\\n\\","<script src=\"assets.npmtest_node_red_dashboard.rollup.js\"></script>\\n\\","<script src=\"assets.example.js\"></script>\\n\\","<script src=\"assets.test.js\"></script>\\n\\","<!-- utility2-comment\\n\\","{{/if isRollup}}\\n\\","utility2-comment -->\\n\\","<div class=\"utility2FooterDiv\">\\n\\","    [ this app was created with\\n\\","    <a href=\"https://github.com/kaizhu256/node-utility2\" target=\"_blank\">utility2</a>\\n\\","    ]\\n\\","</div>\\n\\","</body>\\n\\","</html>\\n\\","';","        /* jslint-ignore-end */","        if (local.templateRender) {","            local.assetsDict['/'] = local.templateRender(","                local.assetsDict['/assets.index.template.html'],","                {","                    env: local.objectSetDefault(local.env, {","                        npm_package_description: 'the greatest app in the world!',","                        npm_package_name: 'my-app',","                        npm_package_nameAlias: 'my_app',","                        npm_package_version: '0.0.1'","                    })","                }","            );","        } else {","            local.assetsDict['/'] = local.assetsDict['/assets.index.template.html']","                .replace((/\\{\\{env\\.(\\w+?)\\}\\}/g), function (match0, match1) {","                    // jslint-hack","                    String(match0);","                    switch (match1) {","                    case 'npm_package_description':","                        return 'the greatest app in the world!';","                    case 'npm_package_name':","                        return 'my-app';","                    case 'npm_package_nameAlias':","                        return 'my_app';","                    case 'npm_package_version':","                        return '0.0.1';","                    }","                });","        }","        // run the cli","        if (local.global.utility2_rollup || module !== require.main) {","            break;","        }","        local.assetsDict['/assets.example.js'] =","            local.assetsDict['/assets.example.js'] ||","            local.fs.readFileSync(__filename, 'utf8');","        // bug-workaround - long $npm_package_buildCustomOrg","        /* jslint-ignore-begin */","        local.assetsDict['/assets.npmtest_node_red_dashboard.rollup.js'] =","            local.assetsDict['/assets.npmtest_node_red_dashboard.rollup.js'] ||","            local.fs.readFileSync(","                local.npmtest_node_red_dashboard.__dirname + '/lib.npmtest_node_red_dashboard.js',","                'utf8'","            ).replace((/^#!/), '//');","        /* jslint-ignore-end */","        local.assetsDict['/favicon.ico'] = local.assetsDict['/favicon.ico'] || '';","        // if $npm_config_timeout_exit exists,","        // then exit this process after $npm_config_timeout_exit ms","        if (Number(process.env.npm_config_timeout_exit)) {","            setTimeout(process.exit, Number(process.env.npm_config_timeout_exit));","        }","        // start server","        if (local.global.utility2_serverHttp1) {","            break;","        }","        process.env.PORT = process.env.PORT || '8081';","        console.error('server starting on port ' + process.env.PORT);","        local.http.createServer(function (request, response) {","            request.urlParsed = local.url.parse(request.url);","            if (local.assetsDict[request.urlParsed.pathname] !== undefined) {","                response.end(local.assetsDict[request.urlParsed.pathname]);","                return;","            }","            response.statusCode = 404;","            response.end();","        }).listen(process.env.PORT);","        break;","    }","}());",""],"l":{"26":2,"28":2,"33":2,"35":2,"37":2,"38":2,"39":2,"44":1,"51":2,"55":2,"59":2,"61":2,"69":1,"70":2,"76":2,"79":2,"82":2,"83":2,"85":1,"89":2,"92":1,"93":1,"94":1,"96":1,"97":1,"100":1,"101":1,"103":1,"106":1,"108":2,"114":1,"116":1,"118":1,"123":1,"124":2,"125":2,"126":3,"127":3,"128":3,"129":3,"130":1,"133":3,"134":3,"139":3,"143":1,"144":3,"145":1,"149":1,"150":1,"158":1,"160":1,"161":1,"162":1,"164":1,"166":1,"258":1,"259":1,"271":1,"274":6,"275":6,"277":1,"279":2,"281":1,"283":2,"288":1,"289":1,"291":1,"296":1,"303":1,"306":1,"307":1,"310":1,"311":1,"313":1,"314":1,"315":1,"316":1,"317":1,"318":1,"319":1,"321":1,"322":1,"324":1}},"/home/travis/build/npmtest/node-npmtest-node-red-dashboard/node_modules/node-red-dashboard/license.js":{"path":"/home/travis/build/npmtest/node-npmtest-node-red-dashboard/node_modules/node-red-dashboard/license.js","s":{},"b":{},"f":{},"fnMap":{},"statementMap":{},"branchMap":{},"code":["/* */","/* Copyright 2016,2017 JS Foundation and other contributors, https://js.foundation/ */","/* Copyright 2016 IBM Corp.                                                 */","/* Copyright 2015 Andrei Tatar                                              */","/* */","/* Licensed under the Apache License, Version 2.0 (the \"License\");          */","/* you may not use this file except in compliance with the License.         */","/* You may obtain a copy of the License at                                  */","/* */","/* http://www.apache.org/licenses/LICENSE-2.0                               */","/* */","/* Unless required by applicable law or agreed to in writing, software      */","/* distributed under the License is distributed on an \"AS IS\" BASIS,        */","/* WITHOUT WARRANTIES OR CONDITIONS OF ANY KIND, either express or implied. */","/* See the License for the specific language governing permissions and      */","/* limitations under the License. */","/* */",""],"l":{}},"/home/travis/build/npmtest/node-npmtest-node-red-dashboard/node_modules/node-red-dashboard/ui.js":{"path":"/home/travis/build/npmtest/node-npmtest-node-red-dashboard/node_modules/node-red-dashboard/ui.js","s":{"1":1,"2":1,"3":0,"4":0,"5":0,"6":0,"7":1,"8":1,"9":1,"10":1,"11":1,"12":1,"13":1,"14":1,"15":1,"16":1,"17":1,"18":1,"19":1,"20":1,"21":0,"22":0,"23":0,"24":0,"25":0,"26":0,"27":1,"28":0,"29":1,"30":0,"31":0,"32":0,"33":1,"34":0,"35":1,"36":0,"37":1,"38":1,"39":0,"40":0,"41":0,"42":0,"43":0,"44":0,"45":0,"46":0,"47":0,"48":0,"49":0,"50":0,"51":0,"52":0,"53":0,"54":0,"55":0,"56":0,"57":0,"58":0,"59":0,"60":0,"61":0,"62":0,"63":0,"64":0,"65":0,"66":0,"67":0,"68":0,"69":0,"70":0,"71":0,"72":0,"73":0,"74":0,"75":0,"76":0,"77":0,"78":0,"79":0,"80":0,"81":0,"82":0,"83":0,"84":0,"85":0,"86":0,"87":0,"88":0,"89":0,"90":0,"91":0,"92":0,"93":0,"94":0,"95":0,"96":0,"97":0,"98":0,"99":0,"100":0,"101":0,"102":0,"103":0,"104":0,"105":0,"106":0,"107":0,"108":1,"109":0,"110":0,"111":0,"112":0,"113":1,"114":0,"115":0,"116":0,"117":0,"118":0,"119":0,"120":0,"121":0,"122":0,"123":0,"124":0,"125":0,"126":0,"127":0,"128":0,"129":0,"130":0,"131":0,"132":0,"133":0,"134":0,"135":0,"136":0,"137":0,"138":0,"139":0,"140":0,"141":0,"142":0,"143":0,"144":1,"145":1,"146":0,"147":0,"148":0,"149":0,"150":0,"151":0,"152":0,"153":0,"154":0,"155":0,"156":0,"157":0,"158":1,"159":0,"160":0,"161":0,"162":1,"163":0,"164":0,"165":0,"166":0,"167":0,"168":1,"169":0,"170":0,"171":0,"172":0,"173":0,"174":0,"175":0,"176":0,"177":0,"178":0,"179":0,"180":0,"181":0,"182":0,"183":0,"184":0,"185":0,"186":0,"187":0,"188":0,"189":0,"190":0,"191":0,"192":0,"193":0,"194":0,"195":0,"196":0,"197":0,"198":0,"199":0,"200":0,"201":0,"202":1,"203":0,"204":0,"205":0,"206":0,"207":0,"208":0,"209":0,"210":0,"211":0,"212":0,"213":1,"214":0,"215":0,"216":0,"217":1,"218":0,"219":0,"220":0,"221":1,"222":0,"223":0,"224":0},"b":{"1":[0,0],"2":[0,0],"3":[0,0],"4":[0,0],"5":[0,0],"6":[0,0],"7":[0,0],"8":[0,0],"9":[0,0],"10":[0,0],"11":[0,0],"12":[0,0],"13":[0,0],"14":[0,0],"15":[0,0],"16":[0,0],"17":[0,0],"18":[0,0],"19":[0,0],"20":[0,0],"21":[0,0],"22":[0,0],"23":[0,0],"24":[0,0,0],"25":[0,0],"26":[0,0],"27":[0,0],"28":[0,0],"29":[0,0],"30":[0,0],"31":[0,0],"32":[0,0],"33":[0,0],"34":[0,0],"35":[0,0],"36":[0,0],"37":[0,0],"38":[0,0],"39":[0,0],"40":[0,0],"41":[0,0],"42":[0,0],"43":[0,0],"44":[0,0],"45":[0,0],"46":[0,0],"47":[0,0],"48":[0,0],"49":[0,0],"50":[0,0],"51":[0,0],"52":[0,0],"53":[0,0],"54":[0,0],"55":[0,0],"56":[0,0],"57":[0,0],"58":[0,0],"59":[0,0,0],"60":[0,0],"61":[0,0,0,0]},"f":{"1":0,"2":0,"3":0,"4":0,"5":0,"6":0,"7":0,"8":0,"9":0,"10":0,"11":0,"12":0,"13":0,"14":0,"15":0,"16":0,"17":0,"18":0,"19":0,"20":0,"21":0,"22":0,"23":0,"24":0,"25":0,"26":0,"27":0,"28":0,"29":0,"30":0,"31":0,"32":0,"33":0,"34":0,"35":0,"36":0,"37":0,"38":0,"39":0},"fnMap":{"1":{"name":"(anonymous_1)","line":4,"loc":{"start":{"line":4,"column":17},"end":{"line":4,"column":31}}},"2":{"name":"toNumber","line":46,"loc":{"start":{"line":46,"column":0},"end":{"line":46,"column":47}}},"3":{"name":"emit","line":55,"loc":{"start":{"line":55,"column":0},"end":{"line":55,"column":27}}},"4":{"name":"emitSocket","line":59,"loc":{"start":{"line":59,"column":0},"end":{"line":59,"column":33}}},"5":{"name":"noConvert","line":68,"loc":{"start":{"line":68,"column":0},"end":{"line":68,"column":26}}},"6":{"name":"beforeEmit","line":72,"loc":{"start":{"line":72,"column":0},"end":{"line":72,"column":32}}},"7":{"name":"beforeSend","line":76,"loc":{"start":{"line":76,"column":0},"end":{"line":76,"column":25}}},"8":{"name":"add","line":99,"loc":{"start":{"line":99,"column":0},"end":{"line":99,"column":18}}},"9":{"name":"(anonymous_9)","line":119,"loc":{"start":{"line":119,"column":25},"end":{"line":119,"column":39}}},"10":{"name":"(anonymous_10)","line":179,"loc":{"start":{"line":179,"column":18},"end":{"line":179,"column":33}}},"11":{"name":"(anonymous_11)","line":199,"loc":{"start":{"line":199,"column":11},"end":{"line":199,"column":22}}},"12":{"name":"(anonymous_12)","line":202,"loc":{"start":{"line":202,"column":52},"end":{"line":202,"column":63}}},"13":{"name":"join","line":210,"loc":{"start":{"line":210,"column":0},"end":{"line":210,"column":16}}},"14":{"name":"(anonymous_14)","line":213,"loc":{"start":{"line":213,"column":25},"end":{"line":213,"column":37}}},"15":{"name":"(anonymous_15)","line":213,"loc":{"start":{"line":213,"column":79},"end":{"line":213,"column":91}}},"16":{"name":"init","line":216,"loc":{"start":{"line":216,"column":0},"end":{"line":216,"column":45}}},"17":{"name":"(anonymous_17)","line":229,"loc":{"start":{"line":229,"column":53},"end":{"line":229,"column":73}}},"18":{"name":"(anonymous_18)","line":245,"loc":{"start":{"line":245,"column":36},"end":{"line":245,"column":59}}},"19":{"name":"(anonymous_19)","line":253,"loc":{"start":{"line":253,"column":24},"end":{"line":253,"column":41}}},"20":{"name":"(anonymous_20)","line":258,"loc":{"start":{"line":258,"column":37},"end":{"line":258,"column":48}}},"21":{"name":"(anonymous_21)","line":260,"loc":{"start":{"line":260,"column":24},"end":{"line":260,"column":38}}},"22":{"name":"(anonymous_22)","line":265,"loc":{"start":{"line":265,"column":32},"end":{"line":265,"column":43}}},"23":{"name":"(anonymous_23)","line":268,"loc":{"start":{"line":268,"column":32},"end":{"line":268,"column":43}}},"24":{"name":"updateUi","line":275,"loc":{"start":{"line":275,"column":0},"end":{"line":275,"column":22}}},"25":{"name":"(anonymous_25)","line":281,"loc":{"start":{"line":281,"column":21},"end":{"line":281,"column":32}}},"26":{"name":"(anonymous_26)","line":282,"loc":{"start":{"line":282,"column":21},"end":{"line":282,"column":33}}},"27":{"name":"(anonymous_27)","line":285,"loc":{"start":{"line":285,"column":22},"end":{"line":285,"column":34}}},"28":{"name":"find","line":298,"loc":{"start":{"line":298,"column":0},"end":{"line":298,"column":32}}},"29":{"name":"itemSorter","line":306,"loc":{"start":{"line":306,"column":0},"end":{"line":306,"column":34}}},"30":{"name":"addControl","line":316,"loc":{"start":{"line":316,"column":0},"end":{"line":316,"column":47}}},"31":{"name":"(anonymous_31)","line":317,"loc":{"start":{"line":317,"column":51},"end":{"line":317,"column":62}}},"32":{"name":"(anonymous_32)","line":321,"loc":{"start":{"line":321,"column":30},"end":{"line":321,"column":43}}},"33":{"name":"(anonymous_33)","line":334,"loc":{"start":{"line":334,"column":42},"end":{"line":334,"column":55}}},"34":{"name":"(anonymous_34)","line":350,"loc":{"start":{"line":350,"column":11},"end":{"line":350,"column":22}}},"35":{"name":"addLink","line":376,"loc":{"start":{"line":376,"column":0},"end":{"line":376,"column":50}}},"36":{"name":"(anonymous_36)","line":389,"loc":{"start":{"line":389,"column":11},"end":{"line":389,"column":22}}},"37":{"name":"addBaseConfig","line":397,"loc":{"start":{"line":397,"column":0},"end":{"line":397,"column":31}}},"38":{"name":"getTheme","line":402,"loc":{"start":{"line":402,"column":0},"end":{"line":402,"column":20}}},"39":{"name":"getSizes","line":411,"loc":{"start":{"line":411,"column":0},"end":{"line":411,"column":20}}}},"statementMap":{"1":{"start":{"line":2,"column":0},"end":{"line":2,"column":19}},"2":{"start":{"line":4,"column":0},"end":{"line":22,"column":2}},"3":{"start":{"line":5,"column":4},"end":{"line":8,"column":5}},"4":{"start":{"line":6,"column":8},"end":{"line":6,"column":22}},"5":{"start":{"line":7,"column":8},"end":{"line":7,"column":79}},"6":{"start":{"line":9,"column":4},"end":{"line":21,"column":6}},"7":{"start":{"line":24,"column":0},"end":{"line":29,"column":57}},"8":{"start":{"line":31,"column":0},"end":{"line":31,"column":27}},"9":{"start":{"line":33,"column":0},"end":{"line":33,"column":14}},"10":{"start":{"line":34,"column":0},"end":{"line":34,"column":15}},"11":{"start":{"line":35,"column":0},"end":{"line":35,"column":42}},"12":{"start":{"line":36,"column":0},"end":{"line":36,"column":7}},"13":{"start":{"line":37,"column":0},"end":{"line":37,"column":23}},"14":{"start":{"line":38,"column":0},"end":{"line":38,"column":24}},"15":{"start":{"line":39,"column":0},"end":{"line":39,"column":27}},"16":{"start":{"line":40,"column":0},"end":{"line":40,"column":30}},"17":{"start":{"line":41,"column":0},"end":{"line":41,"column":35}},"18":{"start":{"line":42,"column":0},"end":{"line":42,"column":22}},"19":{"start":{"line":44,"column":0},"end":{"line":44,"column":18}},"20":{"start":{"line":46,"column":0},"end":{"line":53,"column":1}},"21":{"start":{"line":47,"column":4},"end":{"line":50,"column":5}},"22":{"start":{"line":48,"column":8},"end":{"line":48,"column":43}},"23":{"start":{"line":49,"column":8},"end":{"line":49,"column":79}},"24":{"start":{"line":51,"column":4},"end":{"line":51,"column":99}},"25":{"start":{"line":51,"column":23},"end":{"line":51,"column":97}},"26":{"start":{"line":52,"column":4},"end":{"line":52,"column":45}},"27":{"start":{"line":55,"column":0},"end":{"line":57,"column":1}},"28":{"start":{"line":56,"column":4},"end":{"line":56,"column":25}},"29":{"start":{"line":59,"column":0},"end":{"line":66,"column":1}},"30":{"start":{"line":60,"column":4},"end":{"line":65,"column":5}},"31":{"start":{"line":61,"column":8},"end":{"line":61,"column":46}},"32":{"start":{"line":64,"column":8},"end":{"line":64,"column":29}},"33":{"start":{"line":68,"column":0},"end":{"line":70,"column":1}},"34":{"start":{"line":69,"column":4},"end":{"line":69,"column":17}},"35":{"start":{"line":72,"column":0},"end":{"line":74,"column":1}},"36":{"start":{"line":73,"column":4},"end":{"line":73,"column":27}},"37":{"start":{"line":76,"column":0},"end":{"line":78,"column":1}},"38":{"start":{"line":99,"column":0},"end":{"line":207,"column":1}},"39":{"start":{"line":100,"column":4},"end":{"line":100,"column":49}},"40":{"start":{"line":101,"column":4},"end":{"line":101,"column":42}},"41":{"start":{"line":103,"column":4},"end":{"line":105,"column":5}},"42":{"start":{"line":104,"column":8},"end":{"line":104,"column":37}},"43":{"start":{"line":106,"column":4},"end":{"line":108,"column":5}},"44":{"start":{"line":107,"column":8},"end":{"line":107,"column":40}},"45":{"start":{"line":109,"column":4},"end":{"line":111,"column":5}},"46":{"start":{"line":110,"column":8},"end":{"line":110,"column":45}},"47":{"start":{"line":112,"column":4},"end":{"line":112,"column":50}},"48":{"start":{"line":113,"column":4},"end":{"line":113,"column":50}},"49":{"start":{"line":114,"column":4},"end":{"line":114,"column":43}},"50":{"start":{"line":115,"column":4},"end":{"line":115,"column":51}},"51":{"start":{"line":116,"column":4},"end":{"line":116,"column":33}},"52":{"start":{"line":117,"column":4},"end":{"line":117,"column":61}},"53":{"start":{"line":119,"column":4},"end":{"line":177,"column":7}},"54":{"start":{"line":120,"column":8},"end":{"line":125,"column":9}},"55":{"start":{"line":121,"column":12},"end":{"line":121,"column":52}},"56":{"start":{"line":122,"column":12},"end":{"line":122,"column":84}},"57":{"start":{"line":122,"column":26},"end":{"line":122,"column":82}},"58":{"start":{"line":123,"column":12},"end":{"line":123,"column":42}},"59":{"start":{"line":124,"column":12},"end":{"line":124,"column":49}},"60":{"start":{"line":126,"column":8},"end":{"line":126,"column":55}},"61":{"start":{"line":126,"column":46},"end":{"line":126,"column":53}},"62":{"start":{"line":128,"column":8},"end":{"line":128,"column":58}},"63":{"start":{"line":128,"column":41},"end":{"line":128,"column":56}},"64":{"start":{"line":129,"column":8},"end":{"line":129,"column":58}},"65":{"start":{"line":129,"column":41},"end":{"line":129,"column":56}},"66":{"start":{"line":132,"column":8},"end":{"line":132,"column":50}},"67":{"start":{"line":136,"column":8},"end":{"line":136,"column":65}},"68":{"start":{"line":139,"column":8},"end":{"line":139,"column":24}},"69":{"start":{"line":140,"column":8},"end":{"line":140,"column":21}},"70":{"start":{"line":141,"column":8},"end":{"line":149,"column":9}},"71":{"start":{"line":142,"column":12},"end":{"line":142,"column":43}},"72":{"start":{"line":143,"column":12},"end":{"line":143,"column":51}},"73":{"start":{"line":148,"column":12},"end":{"line":148,"column":37}},"74":{"start":{"line":152,"column":8},"end":{"line":176,"column":9}},"75":{"start":{"line":153,"column":12},"end":{"line":153,"column":53}},"76":{"start":{"line":159,"column":12},"end":{"line":159,"column":59}},"77":{"start":{"line":160,"column":12},"end":{"line":160,"column":23}},"78":{"start":{"line":161,"column":12},"end":{"line":162,"column":38}},"79":{"start":{"line":161,"column":42},"end":{"line":161,"column":81}},"80":{"start":{"line":162,"column":19},"end":{"line":162,"column":36}},"81":{"start":{"line":164,"column":12},"end":{"line":164,"column":49}},"82":{"start":{"line":167,"column":12},"end":{"line":167,"column":50}},"83":{"start":{"line":168,"column":12},"end":{"line":168,"column":50}},"84":{"start":{"line":171,"column":12},"end":{"line":175,"column":13}},"85":{"start":{"line":172,"column":16},"end":{"line":172,"column":59}},"86":{"start":{"line":173,"column":16},"end":{"line":173,"column":49}},"87":{"start":{"line":174,"column":16},"end":{"line":174,"column":35}},"88":{"start":{"line":179,"column":4},"end":{"line":195,"column":6}},"89":{"start":{"line":180,"column":8},"end":{"line":180,"column":47}},"90":{"start":{"line":180,"column":38},"end":{"line":180,"column":45}},"91":{"start":{"line":181,"column":8},"end":{"line":181,"column":51}},"92":{"start":{"line":182,"column":8},"end":{"line":185,"column":9}},"93":{"start":{"line":183,"column":12},"end":{"line":183,"column":46}},"94":{"start":{"line":184,"column":12},"end":{"line":184,"column":41}},"95":{"start":{"line":186,"column":8},"end":{"line":186,"column":42}},"96":{"start":{"line":187,"column":8},"end":{"line":187,"column":55}},"97":{"start":{"line":188,"column":8},"end":{"line":188,"column":58}},"98":{"start":{"line":189,"column":8},"end":{"line":189,"column":30}},"99":{"start":{"line":191,"column":8},"end":{"line":194,"column":9}},"100":{"start":{"line":193,"column":12},"end":{"line":193,"column":47}},"101":{"start":{"line":197,"column":4},"end":{"line":197,"column":41}},"102":{"start":{"line":199,"column":4},"end":{"line":206,"column":6}},"103":{"start":{"line":200,"column":8},"end":{"line":200,"column":57}},"104":{"start":{"line":201,"column":8},"end":{"line":201,"column":17}},"105":{"start":{"line":202,"column":8},"end":{"line":205,"column":31}},"106":{"start":{"line":203,"column":12},"end":{"line":203,"column":46}},"107":{"start":{"line":204,"column":12},"end":{"line":204,"column":47}},"108":{"start":{"line":210,"column":0},"end":{"line":214,"column":1}},"109":{"start":{"line":211,"column":4},"end":{"line":212,"column":50}},"110":{"start":{"line":213,"column":4},"end":{"line":213,"column":114}},"111":{"start":{"line":213,"column":38},"end":{"line":213,"column":69}},"112":{"start":{"line":213,"column":92},"end":{"line":213,"column":101}},"113":{"start":{"line":216,"column":0},"end":{"line":272,"column":1}},"114":{"start":{"line":217,"column":4},"end":{"line":217,"column":42}},"115":{"start":{"line":218,"column":4},"end":{"line":221,"column":34}},"116":{"start":{"line":219,"column":8},"end":{"line":219,"column":40}},"117":{"start":{"line":221,"column":11},"end":{"line":221,"column":32}},"118":{"start":{"line":222,"column":4},"end":{"line":222,"column":71}},"119":{"start":{"line":224,"column":4},"end":{"line":224,"column":65}},"120":{"start":{"line":225,"column":4},"end":{"line":225,"column":51}},"121":{"start":{"line":227,"column":4},"end":{"line":227,"column":48}},"122":{"start":{"line":229,"column":4},"end":{"line":249,"column":7}},"123":{"start":{"line":230,"column":8},"end":{"line":248,"column":9}},"124":{"start":{"line":231,"column":12},"end":{"line":231,"column":86}},"125":{"start":{"line":234,"column":12},"end":{"line":234,"column":59}},"126":{"start":{"line":235,"column":12},"end":{"line":235,"column":83}},"127":{"start":{"line":236,"column":12},"end":{"line":244,"column":14}},"128":{"start":{"line":245,"column":12},"end":{"line":247,"column":15}},"129":{"start":{"line":246,"column":16},"end":{"line":246,"column":132}},"130":{"start":{"line":251,"column":4},"end":{"line":251,"column":82}},"131":{"start":{"line":253,"column":4},"end":{"line":271,"column":7}},"132":{"start":{"line":254,"column":8},"end":{"line":254,"column":88}},"133":{"start":{"line":255,"column":8},"end":{"line":255,"column":25}},"134":{"start":{"line":257,"column":8},"end":{"line":257,"column":80}},"135":{"start":{"line":258,"column":8},"end":{"line":264,"column":11}},"136":{"start":{"line":259,"column":12},"end":{"line":259,"column":65}},"137":{"start":{"line":260,"column":12},"end":{"line":262,"column":15}},"138":{"start":{"line":261,"column":16},"end":{"line":261,"column":70}},"139":{"start":{"line":263,"column":12},"end":{"line":263,"column":42}},"140":{"start":{"line":265,"column":8},"end":{"line":267,"column":11}},"141":{"start":{"line":266,"column":12},"end":{"line":266,"column":23}},"142":{"start":{"line":268,"column":8},"end":{"line":270,"column":11}},"143":{"start":{"line":269,"column":12},"end":{"line":269,"column":92}},"144":{"start":{"line":274,"column":0},"end":{"line":274,"column":28}},"145":{"start":{"line":275,"column":0},"end":{"line":296,"column":1}},"146":{"start":{"line":276,"column":4},"end":{"line":280,"column":5}},"147":{"start":{"line":277,"column":8},"end":{"line":277,"column":40}},"148":{"start":{"line":277,"column":31},"end":{"line":277,"column":38}},"149":{"start":{"line":278,"column":8},"end":{"line":278,"column":31}},"150":{"start":{"line":279,"column":8},"end":{"line":279,"column":16}},"151":{"start":{"line":281,"column":4},"end":{"line":295,"column":7}},"152":{"start":{"line":282,"column":8},"end":{"line":284,"column":11}},"153":{"start":{"line":283,"column":12},"end":{"line":283,"column":46}},"154":{"start":{"line":285,"column":8},"end":{"line":287,"column":11}},"155":{"start":{"line":286,"column":12},"end":{"line":286,"column":46}},"156":{"start":{"line":288,"column":8},"end":{"line":293,"column":11}},"157":{"start":{"line":294,"column":8},"end":{"line":294,"column":32}},"158":{"start":{"line":298,"column":0},"end":{"line":304,"column":1}},"159":{"start":{"line":299,"column":4},"end":{"line":303,"column":5}},"160":{"start":{"line":300,"column":8},"end":{"line":302,"column":9}},"161":{"start":{"line":301,"column":12},"end":{"line":301,"column":28}},"162":{"start":{"line":306,"column":0},"end":{"line":314,"column":1}},"163":{"start":{"line":307,"column":4},"end":{"line":312,"column":5}},"164":{"start":{"line":308,"column":8},"end":{"line":308,"column":17}},"165":{"start":{"line":310,"column":9},"end":{"line":312,"column":5}},"166":{"start":{"line":311,"column":8},"end":{"line":311,"column":18}},"167":{"start":{"line":313,"column":4},"end":{"line":313,"column":37}},"168":{"start":{"line":316,"column":0},"end":{"line":374,"column":1}},"169":{"start":{"line":317,"column":4},"end":{"line":317,"column":67}},"170":{"start":{"line":317,"column":44},"end":{"line":317,"column":65}},"171":{"start":{"line":318,"column":4},"end":{"line":318,"column":61}},"172":{"start":{"line":319,"column":4},"end":{"line":319,"column":46}},"173":{"start":{"line":321,"column":4},"end":{"line":321,"column":70}},"174":{"start":{"line":321,"column":44},"end":{"line":321,"column":67}},"175":{"start":{"line":322,"column":4},"end":{"line":332,"column":5}},"176":{"start":{"line":323,"column":8},"end":{"line":329,"column":10}},"177":{"start":{"line":330,"column":8},"end":{"line":330,"column":28}},"178":{"start":{"line":331,"column":8},"end":{"line":331,"column":30}},"179":{"start":{"line":334,"column":4},"end":{"line":334,"column":91}},"180":{"start":{"line":334,"column":56},"end":{"line":334,"column":88}},"181":{"start":{"line":335,"column":4},"end":{"line":341,"column":5}},"182":{"start":{"line":336,"column":8},"end":{"line":339,"column":10}},"183":{"start":{"line":340,"column":8},"end":{"line":340,"column":40}},"184":{"start":{"line":342,"column":4},"end":{"line":342,"column":35}},"185":{"start":{"line":343,"column":4},"end":{"line":343,"column":38}},"186":{"start":{"line":344,"column":4},"end":{"line":344,"column":48}},"187":{"start":{"line":345,"column":4},"end":{"line":345,"column":36}},"188":{"start":{"line":347,"column":4},"end":{"line":347,"column":15}},"189":{"start":{"line":350,"column":4},"end":{"line":373,"column":5}},"190":{"start":{"line":351,"column":8},"end":{"line":351,"column":54}},"191":{"start":{"line":352,"column":8},"end":{"line":372,"column":9}},"192":{"start":{"line":354,"column":12},"end":{"line":354,"column":46}},"193":{"start":{"line":357,"column":12},"end":{"line":370,"column":13}},"194":{"start":{"line":358,"column":16},"end":{"line":358,"column":59}},"195":{"start":{"line":359,"column":16},"end":{"line":369,"column":17}},"196":{"start":{"line":360,"column":20},"end":{"line":360,"column":52}},"197":{"start":{"line":363,"column":20},"end":{"line":368,"column":21}},"198":{"start":{"line":364,"column":24},"end":{"line":364,"column":55}},"199":{"start":{"line":365,"column":24},"end":{"line":367,"column":25}},"200":{"start":{"line":366,"column":28},"end":{"line":366,"column":50}},"201":{"start":{"line":371,"column":12},"end":{"line":371,"column":23}},"202":{"start":{"line":376,"column":0},"end":{"line":395,"column":1}},"203":{"start":{"line":377,"column":4},"end":{"line":383,"column":6}},"204":{"start":{"line":385,"column":4},"end":{"line":385,"column":24}},"205":{"start":{"line":386,"column":4},"end":{"line":386,"column":27}},"206":{"start":{"line":387,"column":4},"end":{"line":387,"column":15}},"207":{"start":{"line":389,"column":4},"end":{"line":394,"column":5}},"208":{"start":{"line":390,"column":8},"end":{"line":390,"column":43}},"209":{"start":{"line":391,"column":8},"end":{"line":391,"column":34}},"210":{"start":{"line":391,"column":25},"end":{"line":391,"column":32}},"211":{"start":{"line":392,"column":8},"end":{"line":392,"column":31}},"212":{"start":{"line":393,"column":8},"end":{"line":393,"column":19}},"213":{"start":{"line":397,"column":0},"end":{"line":400,"column":1}},"214":{"start":{"line":398,"column":4},"end":{"line":398,"column":47}},"215":{"start":{"line":398,"column":18},"end":{"line":398,"column":45}},"216":{"start":{"line":399,"column":4},"end":{"line":399,"column":15}},"217":{"start":{"line":402,"column":0},"end":{"line":409,"column":1}},"218":{"start":{"line":403,"column":4},"end":{"line":408,"column":5}},"219":{"start":{"line":404,"column":8},"end":{"line":404,"column":50}},"220":{"start":{"line":407,"column":8},"end":{"line":407,"column":25}},"221":{"start":{"line":411,"column":0},"end":{"line":418,"column":1}},"222":{"start":{"line":412,"column":4},"end":{"line":417,"column":5}},"223":{"start":{"line":413,"column":8},"end":{"line":413,"column":44}},"224":{"start":{"line":416,"column":8},"end":{"line":416,"column":68}}},"branchMap":{"1":{"line":5,"type":"if","locations":[{"start":{"line":5,"column":4},"end":{"line":5,"column":4}},{"start":{"line":5,"column":4},"end":{"line":5,"column":4}}]},"2":{"line":7,"type":"binary-expr","locations":[{"start":{"line":7,"column":25},"end":{"line":7,"column":37}},{"start":{"line":7,"column":41},"end":{"line":7,"column":54}}]},"3":{"line":47,"type":"if","locations":[{"start":{"line":47,"column":4},"end":{"line":47,"column":4}},{"start":{"line":47,"column":4},"end":{"line":47,"column":4}}]},"4":{"line":49,"type":"cond-expr","locations":[{"start":{"line":49,"column":31},"end":{"line":49,"column":54}},{"start":{"line":49,"column":57},"end":{"line":49,"column":78}}]},"5":{"line":51,"type":"if","locations":[{"start":{"line":51,"column":4},"end":{"line":51,"column":4}},{"start":{"line":51,"column":4},"end":{"line":51,"column":4}}]},"6":{"line":52,"type":"cond-expr","locations":[{"start":{"line":52,"column":26},"end":{"line":52,"column":36}},{"start":{"line":52,"column":39},"end":{"line":52,"column":44}}]},"7":{"line":60,"type":"if","locations":[{"start":{"line":60,"column":4},"end":{"line":60,"column":4}},{"start":{"line":60,"column":4},"end":{"line":60,"column":4}}]},"8":{"line":60,"type":"binary-expr","locations":[{"start":{"line":60,"column":8},"end":{"line":60,"column":39}},{"start":{"line":60,"column":44},"end":{"line":60,"column":71}}]},"9":{"line":103,"type":"if","locations":[{"start":{"line":103,"column":4},"end":{"line":103,"column":4}},{"start":{"line":103,"column":4},"end":{"line":103,"column":4}}]},"10":{"line":106,"type":"if","locations":[{"start":{"line":106,"column":4},"end":{"line":106,"column":4}},{"start":{"line":106,"column":4},"end":{"line":106,"column":4}}]},"11":{"line":109,"type":"if","locations":[{"start":{"line":109,"column":4},"end":{"line":109,"column":4}},{"start":{"line":109,"column":4},"end":{"line":109,"column":4}}]},"12":{"line":112,"type":"binary-expr","locations":[{"start":{"line":112,"column":21},"end":{"line":112,"column":35}},{"start":{"line":112,"column":39},"end":{"line":112,"column":49}}]},"13":{"line":113,"type":"binary-expr","locations":[{"start":{"line":113,"column":21},"end":{"line":113,"column":35}},{"start":{"line":113,"column":39},"end":{"line":113,"column":49}}]},"14":{"line":114,"type":"binary-expr","locations":[{"start":{"line":114,"column":18},"end":{"line":114,"column":29}},{"start":{"line":114,"column":33},"end":{"line":114,"column":42}}]},"15":{"line":115,"type":"binary-expr","locations":[{"start":{"line":115,"column":22},"end":{"line":115,"column":37}},{"start":{"line":115,"column":41},"end":{"line":115,"column":50}}]},"16":{"line":120,"type":"if","locations":[{"start":{"line":120,"column":8},"end":{"line":120,"column":8}},{"start":{"line":120,"column":8},"end":{"line":120,"column":8}}]},"17":{"line":122,"type":"if","locations":[{"start":{"line":122,"column":12},"end":{"line":122,"column":12}},{"start":{"line":122,"column":12},"end":{"line":122,"column":12}}]},"18":{"line":126,"type":"if","locations":[{"start":{"line":126,"column":8},"end":{"line":126,"column":8}},{"start":{"line":126,"column":8},"end":{"line":126,"column":8}}]},"19":{"line":128,"type":"if","locations":[{"start":{"line":128,"column":8},"end":{"line":128,"column":8}},{"start":{"line":128,"column":8},"end":{"line":128,"column":8}}]},"20":{"line":129,"type":"if","locations":[{"start":{"line":129,"column":8},"end":{"line":129,"column":8}},{"start":{"line":129,"column":8},"end":{"line":129,"column":8}}]},"21":{"line":141,"type":"if","locations":[{"start":{"line":141,"column":8},"end":{"line":141,"column":8}},{"start":{"line":141,"column":8},"end":{"line":141,"column":8}}]},"22":{"line":141,"type":"binary-expr","locations":[{"start":{"line":141,"column":13},"end":{"line":141,"column":44}},{"start":{"line":141,"column":50},"end":{"line":141,"column":81}}]},"23":{"line":152,"type":"if","locations":[{"start":{"line":152,"column":8},"end":{"line":152,"column":8}},{"start":{"line":152,"column":8},"end":{"line":152,"column":8}}]},"24":{"line":152,"type":"binary-expr","locations":[{"start":{"line":152,"column":12},"end":{"line":152,"column":34}},{"start":{"line":152,"column":38},"end":{"line":152,"column":60}},{"start":{"line":152,"column":64},"end":{"line":152,"column":87}}]},"25":{"line":161,"type":"if","locations":[{"start":{"line":161,"column":12},"end":{"line":161,"column":12}},{"start":{"line":161,"column":12},"end":{"line":161,"column":12}}]},"26":{"line":171,"type":"if","locations":[{"start":{"line":171,"column":12},"end":{"line":171,"column":12}},{"start":{"line":171,"column":12},"end":{"line":171,"column":12}}]},"27":{"line":171,"type":"binary-expr","locations":[{"start":{"line":171,"column":16},"end":{"line":171,"column":40}},{"start":{"line":171,"column":44},"end":{"line":171,"column":63}}]},"28":{"line":173,"type":"binary-expr","locations":[{"start":{"line":173,"column":22},"end":{"line":173,"column":41}},{"start":{"line":173,"column":45},"end":{"line":173,"column":48}}]},"29":{"line":180,"type":"if","locations":[{"start":{"line":180,"column":8},"end":{"line":180,"column":8}},{"start":{"line":180,"column":8},"end":{"line":180,"column":8}}]},"30":{"line":182,"type":"if","locations":[{"start":{"line":182,"column":8},"end":{"line":182,"column":8}},{"start":{"line":182,"column":8},"end":{"line":182,"column":8}}]},"31":{"line":187,"type":"binary-expr","locations":[{"start":{"line":187,"column":17},"end":{"line":187,"column":44}},{"start":{"line":187,"column":48},"end":{"line":187,"column":54}}]},"32":{"line":188,"type":"binary-expr","locations":[{"start":{"line":188,"column"
[...]
rt":{"line":9,"column":8},"end":{"line":9,"column":8}}]},"2":{"line":11,"type":"if","locations":[{"start":{"line":11,"column":8},"end":{"line":11,"column":8}},{"start":{"line":11,"column":8},"end":{"line":11,"column":8}}]},"3":{"line":19,"type":"cond-expr","locations":[{"start":{"line":19,"column":43},"end":{"line":19,"column":58}},{"start":{"line":19,"column":61},"end":{"line":19,"column":73}}]},"4":{"line":25,"type":"binary-expr","locations":[{"start":{"line":25,"column":23},"end":{"line":25,"column":35}},{"start":{"line":25,"column":39},"end":{"line":25,"column":57}},{"start":{"line":25,"column":61},"end":{"line":25,"column":62}}]},"5":{"line":26,"type":"binary-expr","locations":[{"start":{"line":26,"column":24},"end":{"line":26,"column":37}},{"start":{"line":26,"column":41},"end":{"line":26,"column":42}}]},"6":{"line":29,"type":"binary-expr","locations":[{"start":{"line":29,"column":28},"end":{"line":29,"column":40}},{"start":{"line":29,"column":44},"end":{"line":29,"column":53}}]}},"code":["module.exports = function(RED) {","    var ui = require('../ui')(RED);","","    function TextInputNode(config) {","        RED.nodes.createNode(this, config);","        var node = this;","","        var group = RED.nodes.getNode(config.group);","        if (!group) { return; }","        var tab = RED.nodes.getNode(group.config.tab);","        if (!tab) { return; }","","        var done = ui.add({","            node: node,","            tab: tab,","            group: group,","            forwardInputMessages: config.passthru,","            control: {","                type: (config.delay <= 0 ? 'text-input-CR' : 'text-input'),","                label: config.label,","                mode: config.mode,","                delay: config.delay,","                order: config.order,","                value: '',","                width: config.width || group.config.width || 6,","                height: config.height || 1","            },","            beforeSend: function (msg) {","                msg.topic = config.topic || msg.topic;","            },","        });","        node.on(\"close\", done);","    }","    RED.nodes.registerType(\"ui_text_input\", TextInputNode);","};",""],"l":{"1":1,"2":0,"4":1,"5":0,"6":0,"8":0,"9":0,"10":0,"11":0,"13":0,"29":0,"32":0,"34":0}},"/home/travis/build/npmtest/node-npmtest-node-red-dashboard/node_modules/node-red-dashboard/nodes/ui_text.js":{"path":"/home/travis/build/npmtest/node-npmtest-node-red-dashboard/node_modules/node-red-dashboard/nodes/ui_text.js","s":{"1":1,"2":0,"3":1,"4":0,"5":0,"6":0,"7":0,"8":0,"9":0,"10":0,"11":0,"12":0,"13":0,"14":0,"15":0,"16":0,"17":0,"18":0,"19":0,"20":0,"21":0,"22":0,"23":0,"24":0,"25":0,"26":0,"27":0,"28":0,"29":0,"30":0,"31":0,"32":0,"33":0,"34":0,"35":0,"36":0,"37":0,"38":0,"39":0},"b":{"1":[0,0],"2":[0,0],"3":[0,0],"4":[0,0],"5":[0,0],"6":[0,0],"7":[0,0],"8":[0,0],"9":[0,0,0],"10":[0,0]},"f":{"1":0,"2":0,"3":0,"4":0},"fnMap":{"1":{"name":"(anonymous_1)","line":1,"loc":{"start":{"line":1,"column":17},"end":{"line":1,"column":31}}},"2":{"name":"TextNode","line":4,"loc":{"start":{"line":4,"column":4},"end":{"line":4,"column":30}}},"3":{"name":"(anonymous_3)","line":36,"loc":{"start":{"line":36,"column":24},"end":{"line":36,"column":45}}},"4":{"name":"(anonymous_4)","line":37,"loc":{"start":{"line":37,"column":72},"end":{"line":37,"column":85}}}},"statementMap":{"1":{"start":{"line":1,"column":0},"end":{"line":49,"column":2}},"2":{"start":{"line":2,"column":4},"end":{"line":2,"column":35}},"3":{"start":{"line":4,"column":4},"end":{"line":47,"column":5}},"4":{"start":{"line":5,"column":8},"end":{"line":5,"column":43}},"5":{"start":{"line":6,"column":8},"end":{"line":6,"column":24}},"6":{"start":{"line":8,"column":8},"end":{"line":8,"column":52}},"7":{"start":{"line":9,"column":8},"end":{"line":9,"column":31}},"8":{"start":{"line":9,"column":22},"end":{"line":9,"column":29}},"9":{"start":{"line":10,"column":8},"end":{"line":10,"column":54}},"10":{"start":{"line":11,"column":8},"end":{"line":11,"column":29}},"11":{"start":{"line":11,"column":20},"end":{"line":11,"column":27}},"12":{"start":{"line":13,"column":8},"end":{"line":13,"column":49}},"13":{"start":{"line":14,"column":8},"end":{"line":14,"column":30}},"14":{"start":{"line":15,"column":8},"end":{"line":15,"column":52}},"15":{"start":{"line":16,"column":8},"end":{"line":20,"column":99}},"16":{"start":{"line":16,"column":39},"end":{"line":16,"column":57}},"17":{"start":{"line":16,"column":58},"end":{"line":16,"column":97}},"18":{"start":{"line":17,"column":13},"end":{"line":20,"column":99}},"19":{"start":{"line":17,"column":42},"end":{"line":17,"column":60}},"20":{"start":{"line":17,"column":61},"end":{"line":17,"column":92}},"21":{"start":{"line":18,"column":13},"end":{"line":20,"column":99}},"22":{"start":{"line":18,"column":44},"end":{"line":18,"column":62}},"23":{"start":{"line":18,"column":63},"end":{"line":18,"column":95}},"24":{"start":{"line":19,"column":13},"end":{"line":20,"column":99}},"25":{"start":{"line":19,"column":43},"end":{"line":19,"column":61}},"26":{"start":{"line":19,"column":62},"end":{"line":19,"column":91}},"27":{"start":{"line":20,"column":13},"end":{"line":20,"column":99}},"28":{"start":{"line":20,"column":44},"end":{"line":20,"column":65}},"29":{"start":{"line":20,"column":66},"end":{"line":20,"column":98}},"30":{"start":{"line":21,"column":8},"end":{"line":45,"column":11}},"31":{"start":{"line":37,"column":16},"end":{"line":37,"column":108}},"32":{"start":{"line":37,"column":86},"end":{"line":37,"column":105}},"33":{"start":{"line":38,"column":16},"end":{"line":38,"column":36}},"34":{"start":{"line":39,"column":16},"end":{"line":42,"column":17}},"35":{"start":{"line":40,"column":20},"end":{"line":40,"column":49}},"36":{"start":{"line":41,"column":20},"end":{"line":41,"column":56}},"37":{"start":{"line":43,"column":16},"end":{"line":43,"column":42}},"38":{"start":{"line":46,"column":8},"end":{"line":46,"column":31}},"39":{"start":{"line":48,"column":4},"end":{"line":48,"column":48}}},"branchMap":{"1":{"line":9,"type":"if","locations":[{"start":{"line":9,"column":8},"end":{"line":9,"column":8}},{"start":{"line":9,"column":8},"end":{"line":9,"column":8}}]},"2":{"line":11,"type":"if","locations":[{"start":{"line":11,"column":8},"end":{"line":11,"column":8}},{"start":{"line":11,"column":8},"end":{"line":11,"column":8}}]},"3":{"line":13,"type":"binary-expr","locations":[{"start":{"line":13,"column":21},"end":{"line":13,"column":34}},{"start":{"line":13,"column":36},"end":{"line":13,"column":48}}]},"4":{"line":16,"type":"if","locations":[{"start":{"line":16,"column":8},"end":{"line":16,"column":8}},{"start":{"line":16,"column":8},"end":{"line":16,"column":8}}]},"5":{"line":17,"type":"if","locations":[{"start":{"line":17,"column":13},"end":{"line":17,"column":13}},{"start":{"line":17,"column":13},"end":{"line":17,"column":13}}]},"6":{"line":18,"type":"if","locations":[{"start":{"line":18,"column":13},"end":{"line":18,"column":13}},{"start":{"line":18,"column":13},"end":{"line":18,"column":13}}]},"7":{"line":19,"type":"if","locations":[{"start":{"line":19,"column":13},"end":{"line":19,"column":13}},{"start":{"line":19,"column":13},"end":{"line":19,"column":13}}]},"8":{"line":20,"type":"if","locations":[{"start":{"line":20,"column":13},"end":{"line":20,"column":13}},{"start":{"line":20,"column":13},"end":{"line":20,"column":13}}]},"9":{"line":31,"type":"binary-expr","locations":[{"start":{"line":31,"column":23},"end":{"line":31,"column":35}},{"start":{"line":31,"column":39},"end":{"line":31,"column":57}},{"start":{"line":31,"column":61},"end":{"line":31,"column":62}}]},"10":{"line":32,"type":"binary-expr","locations":[{"start":{"line":32,"column":24},"end":{"line":32,"column":37}},{"start":{"line":32,"column":41},"end":{"line":32,"column":42}}]}},"code":["module.exports = function(RED) {","    var ui = require('../ui')(RED);","","    function TextNode(config) {","        RED.nodes.createNode(this, config);","        var node = this;","","        var group = RED.nodes.getNode(config.group);","        if (!group) { return; }","        var tab = RED.nodes.getNode(group.config.tab);","        if (!tab) { return; }","","        var layout = config.layout||\"row-spread\";","        var angLayout = \"row\";","        var angLayoutAlign = \"space-between center\";","        if (layout === \"row-spread\") { angLayout = 'row'; angLayoutAlign = 'space-between center'}","        else if (layout === \"row-left\") { angLayout = 'row'; angLayoutAlign = 'start center'}","        else if (layout === \"row-center\") { angLayout = 'row'; angLayoutAlign = 'center center'}","        else if (layout === \"row-right\") { angLayout = 'row'; angLayoutAlign = 'end center'}","        else if (layout === \"col-center\") { angLayout = 'column'; angLayoutAlign = 'center center'}","        var done = ui.add({","            emitOnlyNewValues: false,","            node: node,","            tab: tab,","            group: group,","            control: {","                type: 'text',","                label: config.label,","                order: config.order,","                format: config.format,","                width: config.width || group.config.width || 6,","                height: config.height || 1,","                layout: angLayout,","                layoutAlign: angLayoutAlign","            },","            beforeEmit: function(msg, value) {","                var properties = Object.getOwnPropertyNames(msg).filter(function (p) {return p[0] != '_';});","                var clonedMsg = { };","                for (var i=0; i<properties.length; i++) {","                    var property = properties[i];","                    clonedMsg[property] = msg[property];","                }","                return { msg: clonedMsg };","            }","        });","        node.on(\"close\", done);","    }","    RED.nodes.registerType(\"ui_text\", TextNode);","};",""],"l":{"1":1,"2":0,"4":1,"5":0,"6":0,"8":0,"9":0,"10":0,"11":0,"13":0,"14":0,"15":0,"16":0,"17":0,"18":0,"19":0,"20":0,"21":0,"37":0,"38":0,"39":0,"40":0,"41":0,"43":0,"46":0,"48":0}},"/home/travis/build/npmtest/node-npmtest-node-red-dashboard/node_modules/node-red-dashboard/nodes/ui_toast.js":{"path":"/home/travis/build/npmtest/node-npmtest-node-red-dashboard/node_modules/node-red-dashboard/nodes/ui_toast.js","s":{"1":1,"2":0,"3":1,"4":0,"5":0,"6":0,"7":0,"8":0,"9":0,"10":0,"11":0,"12":0,"13":0,"14":0,"15":0,"16":0,"17":0,"18":0,"19":0,"20":0,"21":0,"22":0,"23":0,"24":0,"25":0,"26":0},"b":{"1":[0,0],"2":[0,0],"3":[0,0],"4":[0,0],"5":[0,0],"6":[0,0],"7":[0,0],"8":[0,0]},"f":{"1":0,"2":0,"3":0,"4":0},"fnMap":{"1":{"name":"(anonymous_1)","line":1,"loc":{"start":{"line":1,"column":17},"end":{"line":1,"column":31}}},"2":{"name":"ToastNode","line":4,"loc":{"start":{"line":4,"column":4},"end":{"line":4,"column":31}}},"3":{"name":"(anonymous_3)","line":23,"loc":{"start":{"line":23,"column":24},"end":{"line":23,"column":46}}},"4":{"name":"(anonymous_4)","line":30,"loc":{"start":{"line":30,"column":25},"end":{"line":30,"column":39}}}},"statementMap":{"1":{"start":{"line":1,"column":0},"end":{"line":50,"column":2}},"2":{"start":{"line":2,"column":4},"end":{"line":2,"column":35}},"3":{"start":{"line":4,"column":4},"end":{"line":48,"column":5}},"4":{"start":{"line":5,"column":8},"end":{"line":5,"column":43}},"5":{"start":{"line":6,"column":8},"end":{"line":10,"column":41}},"6":{"start":{"line":7,"column":12},"end":{"line":8,"column":49}},"7":{"start":{"line":7,"column":18},"end":{"line":7,"column":75}},"8":{"start":{"line":8,"column":23},"end":{"line":8,"column":47}},"9":{"start":{"line":10,"column":15},"end":{"line":10,"column":39}},"10":{"start":{"line":11,"column":8},"end":{"line":11,"column":60}},"11":{"start":{"line":11,"column":37},"end":{"line":11,"column":58}},"12":{"start":{"line":12,"column":8},"end":{"line":12,"column":55}},"13":{"start":{"line":13,"column":8},"end":{"line":13,"column":42}},"14":{"start":{"line":14,"column":8},"end":{"line":14,"column":28}},"15":{"start":{"line":15,"column":8},"end":{"line":15,"column":36}},"16":{"start":{"line":16,"column":8},"end":{"line":16,"column":24}},"17":{"start":{"line":18,"column":8},"end":{"line":28,"column":11}},"18":{"start":{"line":24,"column":16},"end":{"line":24,"column":38}},"19":{"start":{"line":25,"column":16},"end":{"line":25,"column":50}},"20":{"start":{"line":26,"column":16},"end":{"line":26,"column":25}},"21":{"start":{"line":30,"column":8},"end":{"line":45,"column":11}},"22":{"start":{"line":31,"column":12},"end":{"line":31,"column":68}},"23":{"start":{"line":31,"column":46},"end":{"line":31,"column":66}},"24":{"start":{"line":32,"column":12},"end":{"line":44,"column":15}},"25":{"start":{"line":47,"column":8},"end":{"line":47,"column":31}},"26":{"start":{"line":49,"column":4},"end":{"line":49,"column":50}}},"branchMap":{"1":{"line":6,"type":"if","locations":[{"start":{"line":6,"column":8},"end":{"line":6,"column":8}},{"start":{"line":6,"column":8},"end":{"line":6,"column":8}}]},"2":{"line":6,"type":"binary-expr","locations":[{"start":{"line":6,"column":12},"end":{"line":6,"column":48}},{"start":{"line":6,"column":53},"end":{"line":6,"column":82}}]},"3":{"line":11,"type":"if","locations":[{"start":{"line":11,"column":8},"end":{"line":11,"column":8}},{"start":{"line":11,"column":8},"end":{"line":11,"column":8}}]},"4":{"line":12,"type":"binary-expr","locations":[{"start":{"line":12,"column":24},"end":{"line":12,"column":39}},{"start":{"line":12,"column":43},"end":{"line":12,"column":54}}]},"5":{"line":25,"type":"binary-expr","locations":[{"start":{"line":25,"column":26},"end":{"line":25,"column":38}},{"start":{"line":25,"column":42},"end":{"line":25,"column":49}}]},"6":{"line":31,"type":"if","locations":[{"start":{"line":31,"column":12},"end":{"line":31,"column":12}},{"start":{"line":31,"column":12},"end":{"line":31,"column":12}}]},"7":{"line":35,"type":"binary-expr","locations":[{"start":{"line":35,"column":27},"end":{"line":35,"column":41}},{"start":{"line":35,"column":45},"end":{"line":35,"column":58}}]},"8":{"line":39,"type":"binary-expr","locations":[{"start":{"line":39,"column":25},"end":{"line":39,"column":51}},{"start":{"line":39,"column":56},"end":{"line":39,"column":61}}]}},"code":["module.exports = function(RED) {","    var ui = require('../ui')(RED);","","    function ToastNode(config) {","        RED.nodes.createNode(this, config);","        if (config.hasOwnProperty(\"displayTime\") && (config.displayTime.length > 0)) {","            try { this.displayTime = parseFloat(config.displayTime) * 1000; }","            catch(e) { this.displayTime = 3000; }","        }","        else { this.displayTime = 3000; }","        if (this.displayTime <= 0) { this.displayTime = 1; }","        this.position = config.position || \"top right\";","        this.highlight = config.highlight;","        this.ok = config.ok;","        this.cancel = config.cancel;","        var node = this;","","        var done = ui.add({","            node: node,","            control: {},","            storeFrontEndInputAsState: false,","            forwardInputMessages: false,","            beforeSend: function (toSend,msg) {","                var m = msg.value.msg;","                m.topic = config.topic || m.topic;","                return m;","            }","        });","","        node.on('input', function(msg) {","            if (node.position !== \"dialog\") { delete msg.socketid; }","            ui.emitSocket('show-toast', {","                title: msg.topic,","                message: msg.payload,","                highlight: node.highlight || msg.highlight,","                displayTime: node.displayTime,","                position: node.position,","                id: node.id,","                dialog: (node.position === \"dialog\") || false,","                ok: node.ok,","                cancel: node.cancel,","                socketid: msg.socketid,","                msg: msg","            });","        });","","        node.on(\"close\", done);","    }","    RED.nodes.registerType(\"ui_toast\", ToastNode);","};",""],"l":{"1":1,"2":0,"4":1,"5":0,"6":0,"7":0,"8":0,"10":0,"11":0,"12":0,"13":0,"14":0,"15":0,"16":0,"18":0,"24":0,"25":0,"26":0,"30":0,"31":0,"32":0,"47":0,"49":0}},"/home/travis/build/npmtest/node-npmtest-node-red-dashboard/node_modules/node-red-dashboard/nodes/ui_ui_control.js":{"path":"/home/travis/build/npmtest/node-npmtest-node-red-dashboard/node_modules/node-red-dashboard/nodes/ui_ui_control.js","s":{"1":1,"2":0,"3":1,"4":0,"5":0,"6":0,"7":0,"8":0,"9":0,"10":0,"11":0,"12":0,"13":0,"14":0,"15":0,"16":0,"17":0},"b":{"1":[0,0],"2":[0,0]},"f":{"1":0,"2":0,"3":0,"4":0,"5":0,"6":0},"fnMap":{"1":{"name":"(anonymous_1)","line":1,"loc":{"start":{"line":1,"column":17},"end":{"line":1,"column":31}}},"2":{"name":"UiControlNode","line":4,"loc":{"start":{"line":4,"column":4},"end":{"line":4,"column":35}}},"3":{"name":"(anonymous_3)","line":8,"loc":{"start":{"line":8,"column":25},"end":{"line":8,"column":39}}},"4":{"name":"(anonymous_4)","line":16,"loc":{"start":{"line":16,"column":30},"end":{"line":16,"column":46}}},"5":{"name":"(anonymous_5)","line":20,"loc":{"start":{"line":20,"column":30},"end":{"line":20,"column":46}}},"6":{"name":"(anonymous_6)","line":24,"loc":{"start":{"line":24,"column":25},"end":{"line":24,"column":36}}}},"statementMap":{"1":{"start":{"line":1,"column":0},"end":{"line":29,"column":2}},"2":{"start":{"line":2,"column":4},"end":{"line":2,"column":35}},"3":{"start":{"line":4,"column":4},"end":{"line":27,"column":5}},"4":{"start":{"line":5,"column":8},"end":{"line":5,"column":43}},"5":{"start":{"line":6,"column":8},"end":{"line":6,"column":24}},"6":{"start":{"line":8,"column":8},"end":{"line":14,"column":11}},"7":{"start":{"line":9,"column":12},"end":{"line":9,"column":85}},"8":{"start":{"line":9,"column":51},"end":{"line":9,"column":83}},"9":{"start":{"line":11,"column":12},"end":{"line":13,"column":13}},"10":{"start":{"line":12,"column":16},"end":{"line":12,"column":84}},"11":{"start":{"line":16,"column":8},"end":{"line":18,"column":11}},"12":{"start":{"line":17,"column":12},"end":{"line":17,"column":69}},"13":{"start":{"line":20,"column":8},"end":{"line":22,"column":11}},"14":{"start":{"line":21,"column":12},"end":{"line":21,"column":66}},"15":{"start":{"line":24,"column":8},"end":{"line":26,"column":10}},"16":{"start":{"line":25,"column":12},"end":{"line":25,"column":39}},"17":{"start":{"line":28,"column":4},"end":{"line":28,"column":59}}},"branchMap":{"1":{"line":9,"type":"if","locations":[{"start":{"line":9,"column":12},"end":{"line":9,"column":12}},{"start":{"line":9,"column":12},"end":{"line":9,"column":12}}]},"2":{"line":11,"type":"if","locations":[{"start":{"line":11,"column":12},"end":{"line":11,"column":12}},{"start":{"line":11,"column":12},"end":{"line":11,"column":12}}]}},"code":["module.exports = function(RED) {","    var ui = require('../ui')(RED);","","    function UiControlNode(config) {","        RED.nodes.createNode(this, config);","        var node = this;","","        this.on('input', function(msg) {","            if (typeof msg.payload !== \"object\") { msg.payload = {tab:msg.payload}; }","            // switch to tab name (or number)","            if (msg.payload.hasOwnProperty(\"tab\")) {","                ui.emit('ui-control', {tab:msg.payload.tab, socketid:msg.socketid});","            }","        });","","        ui.ev.on('newsocket', function(id,ip) {","            node.send({payload:\"connect\", socketid:id, socketip:ip});","        });","","        ui.ev.on('endsocket', function(id,ip) {","            node.send({payload:\"lost\", socketid:id, socketip:ip});","        });","","        this.on('close', function() {","            ui.ev.removeAllListeners();","        })","    }","    RED.nodes.registerType(\"ui_ui_control\", UiControlNode);","};",""],"l":{"1":1,"2":0,"4":1,"5":0,"6":0,"8":0,"9":0,"11":0,"12":0,"16":0,"17":0,"20":0,"21":0,"24":0,"25":0,"28":0}}}